{"meta": {"format": 3, "version": "7.13.5", "timestamp": "2026-05-15T15:40:28.065647", "branch_coverage": false, "show_contexts": false}, "files": {"engine\\analytics\\composite_signal_v3.py": {"executed_lines": [35, 37, 38, 39, 40, 42, 44, 50, 56, 57, 59, 62, 73, 78, 81, 82, 86, 89, 90, 91, 94, 95, 96, 97, 99, 100, 103, 104, 110, 119, 124, 126, 134, 137, 138, 139, 140, 142, 143, 144, 145, 146, 147, 148, 149, 150, 151, 154, 155, 156, 159, 160, 161, 168, 171, 174, 178, 179, 181, 183, 187, 188, 191, 200, 209, 222, 236, 240, 254, 255, 257, 258, 260, 261, 262, 263, 264, 265, 267, 268, 270, 272, 275, 276, 277, 281, 295, 296], "summary": {"covered_lines": 88, "num_statements": 104, "percent_covered": 84.61538461538461, "percent_covered_display": "84.6", "missing_lines": 16, "excluded_lines": 3, "percent_statements_covered": 84.61538461538461, "percent_statements_covered_display": "84.6"}, "missing_lines": [101, 105, 141, 166, 172, 173, 175, 176, 182, 184, 250, 251, 252, 273, 316, 317], "excluded_lines": [52, 53, 54], "functions": {"CompositeSignalOutputV3.computed_at": {"executed_lines": [], "summary": {"covered_lines": 0, "num_statements": 1, "percent_covered": 0.0, "percent_covered_display": "0.0", "missing_lines": 1, "excluded_lines": 0, "percent_statements_covered": 0.0, "percent_statements_covered_display": "0.0"}, "missing_lines": [101], "excluded_lines": [], "start_line": 100}, "CompositeSignalOutputV3.components_used": {"executed_lines": [], "summary": {"covered_lines": 0, "num_statements": 1, "percent_covered": 0.0, "percent_covered_display": "0.0", "missing_lines": 1, "excluded_lines": 0, "percent_statements_covered": 0.0, "percent_statements_covered_display": "0.0"}, "missing_lines": [105], "excluded_lines": [], "start_line": 104}, "CompositeSignalAggregatorV3.__init__": {"executed_lines": [124], "summary": {"covered_lines": 1, "num_statements": 1, "percent_covered": 100.0, "percent_covered_display": "100.0", "missing_lines": 0, "excluded_lines": 0, "percent_statements_covered": 100.0, "percent_statements_covered_display": "100.0"}, "missing_lines": [], "excluded_lines": [], "start_line": 119}, "CompositeSignalAggregatorV3.compute": {"executed_lines": [134, 137, 138, 139, 140, 142, 143, 144, 145, 146, 147, 148, 149, 150, 151, 154, 155, 156, 159, 160, 161, 168, 171, 174, 178, 179, 181, 183, 187, 188, 191, 200, 209], "summary": {"covered_lines": 33, "num_statements": 41, "percent_covered": 80.48780487804878, "percent_covered_display": "80.5", "missing_lines": 8, "excluded_lines": 0, "percent_statements_covered": 80.48780487804878, "percent_statements_covered_display": "80.5"}, "missing_lines": [141, 166, 172, 173, 175, 176, 182, 184], "excluded_lines": [], "start_line": 126}, "CompositeSignalAggregatorV3._read_pattern_component": {"executed_lines": [236, 240, 254, 255, 257, 258, 260, 261, 262, 263, 264, 265, 267, 268, 270, 272, 275, 276, 277], "summary": {"covered_lines": 19, "num_statements": 23, "percent_covered": 82.6086956521739, "percent_covered_display": "82.6", "missing_lines": 4, "excluded_lines": 0, "percent_statements_covered": 82.6086956521739, "percent_statements_covered_display": "82.6"}, "missing_lines": [250, 251, 252, 273], "excluded_lines": [], "start_line": 222}, "CompositeSignalAggregatorV3._persist_v3": {"executed_lines": [295, 296], "summary": {"covered_lines": 2, "num_statements": 4, "percent_covered": 50.0, "percent_covered_display": "50.0", "missing_lines": 2, "excluded_lines": 0, "percent_statements_covered": 50.0, "percent_statements_covered_display": "50.0"}, "missing_lines": [316, 317], "excluded_lines": [], "start_line": 281}, "": {"executed_lines": [35, 37, 38, 39, 40, 42, 44, 50, 56, 57, 59, 62, 73, 78, 81, 82, 86, 89, 90, 91, 94, 95, 96, 97, 99, 100, 103, 104, 110, 119, 126, 222, 281], "summary": {"covered_lines": 33, "num_statements": 33, "percent_covered": 100.0, "percent_covered_display": "100.0", "missing_lines": 0, "excluded_lines": 3, "percent_statements_covered": 100.0, "percent_statements_covered_display": "100.0"}, "missing_lines": [], "excluded_lines": [52, 53, 54], "start_line": 1}}, "classes": {"CompositeSignalOutputV3": {"executed_lines": [], "summary": {"covered_lines": 0, "num_statements": 2, "percent_covered": 0.0, "percent_covered_display": "0.0", "missing_lines": 2, "excluded_lines": 0, "percent_statements_covered": 0.0, "percent_statements_covered_display": "0.0"}, "missing_lines": [101, 105], "excluded_lines": [], "start_line": 82}, "CompositeSignalAggregatorV3": {"executed_lines": [124, 134, 137, 138, 139, 140, 142, 143, 144, 145, 146, 147, 148, 149, 150, 151, 154, 155, 156, 159, 160, 161, 168, 171, 174, 178, 179, 181, 183, 187, 188, 191, 200, 209, 236, 240, 254, 255, 257, 258, 260, 261, 262, 263, 264, 265, 267, 268, 270, 272, 275, 276, 277, 295, 296], "summary": {"covered_lines": 55, "num_statements": 69, "percent_covered": 79.71014492753623, "percent_covered_display": "79.7", "missing_lines": 14, "excluded_lines": 0, "percent_statements_covered": 79.71014492753623, "percent_statements_covered_display": "79.7"}, "missing_lines": [141, 166, 172, 173, 175, 176, 182, 184, 250, 251, 252, 273, 316, 317], "excluded_lines": [], "start_line": 110}, "": {"executed_lines": [35, 37, 38, 39, 40, 42, 44, 50, 56, 57, 59, 62, 73, 78, 81, 82, 86, 89, 90, 91, 94, 95, 96, 97, 99, 100, 103, 104, 110, 119, 126, 222, 281], "summary": {"covered_lines": 33, "num_statements": 33, "percent_covered": 100.0, "percent_covered_display": "100.0", "missing_lines": 0, "excluded_lines": 3, "percent_statements_covered": 100.0, "percent_statements_covered_display": "100.0"}, "missing_lines": [], "excluded_lines": [52, 53, 54], "start_line": 1}}}, "engine\\analytics\\correlation\\analyzer.py": {"executed_lines": [7, 9, 10, 12, 13, 15, 16, 18, 20, 22, 25, 26, 29, 30, 31, 32, 33, 36, 37, 40, 41, 42, 43, 44, 45, 48, 59, 61, 64, 65, 68, 69, 71, 73, 74, 75, 76, 79, 80, 81, 84, 87, 88, 90, 91, 94, 97, 99, 106, 115, 124, 125, 127, 129, 130, 131, 132, 134, 135, 137, 138, 139, 141, 149, 150, 151, 152, 153, 154, 155, 156, 157, 158, 160, 163, 166, 167, 168, 169, 170, 171, 172, 173, 174, 177, 178, 179, 180, 187, 190, 192], "summary": {"covered_lines": 91, "num_statements": 91, "percent_covered": 100.0, "percent_covered_display": "100.0", "missing_lines": 0, "excluded_lines": 0, "percent_statements_covered": 100.0, "percent_statements_covered_display": "100.0"}, "missing_lines": [], "excluded_lines": [], "functions": {"CorrelationAnalyzer.__init__": {"executed_lines": [64, 65, 68, 69], "summary": {"covered_lines": 4, "num_statements": 4, "percent_covered": 100.0, "percent_covered_display": "100.0", "missing_lines": 0, "excluded_lines": 0, "percent_statements_covered": 100.0, "percent_statements_covered_display": "100.0"}, "missing_lines": [], "excluded_lines": [], "start_line": 61}, "CorrelationAnalyzer.run": {"executed_lines": [73, 74, 75, 76, 79, 80, 81, 84, 87, 88, 90, 91, 94, 97, 99, 106], "summary": {"covered_lines": 16, "num_statements": 16, "percent_covered": 100.0, "percent_covered_display": "100.0", "missing_lines": 0, "excluded_lines": 0, "percent_statements_covered": 100.0, "percent_statements_covered_display": "100.0"}, "missing_lines": [], "excluded_lines": [], "start_line": 71}, "CorrelationAnalyzer._ewma_correlation": {"executed_lines": [124, 125, 127, 129, 130, 131, 132, 134, 135, 137, 138, 139], "summary": {"covered_lines": 12, "num_statements": 12, "percent_covered": 100.0, "percent_covered_display": "100.0", "missing_lines": 0, "excluded_lines": 0, "percent_statements_covered": 100.0, "percent_statements_covered_display": "100.0"}, "missing_lines": [], "excluded_lines": [], "start_line": 115}, "CorrelationAnalyzer._detect_lead_lag": {"executed_lines": [149, 150, 151, 152, 153, 154, 155, 156, 157, 158, 160, 163, 166, 167, 168, 169, 170, 171, 172, 173, 174, 177, 178, 179, 180, 187], "summary": {"covered_lines": 26, "num_statements": 26, "percent_covered": 100.0, "percent_covered_display": "100.0", "missing_lines": 0, "excluded_lines": 0, "percent_statements_covered": 100.0, "percent_statements_covered_display": "100.0"}, "missing_lines": [], "excluded_lines": [], "start_line": 141}, "_norm_cdf": {"executed_lines": [192], "summary": {"covered_lines": 1, "num_statements": 1, "percent_covered": 100.0, "percent_covered_display": "100.0", "missing_lines": 0, "excluded_lines": 0, "percent_statements_covered": 100.0, "percent_statements_covered_display": "100.0"}, "missing_lines": [], "excluded_lines": [], "start_line": 190}, "": {"executed_lines": [7, 9, 10, 12, 13, 15, 16, 18, 20, 22, 25, 26, 29, 30, 31, 32, 33, 36, 37, 40, 41, 42, 43, 44, 45, 48, 59, 61, 71, 115, 141, 190], "summary": {"covered_lines": 32, "num_statements": 32, "percent_covered": 100.0, "percent_covered_display": "100.0", "missing_lines": 0, "excluded_lines": 0, "percent_statements_covered": 100.0, "percent_statements_covered_display": "100.0"}, "missing_lines": [], "excluded_lines": [], "start_line": 1}}, "classes": {"LeadLagPair": {"executed_lines": [], "summary": {"covered_lines": 0, "num_statements": 0, "percent_covered": 100.0, "percent_covered_display": "100.0", "missing_lines": 0, "excluded_lines": 0, "percent_statements_covered": 100.0, "percent_statements_covered_display": "100.0"}, "missing_lines": [], "excluded_lines": [], "start_line": 26}, "CorrelationReport": {"executed_lines": [], "summary": {"covered_lines": 0, "num_statements": 0, "percent_covered": 100.0, "percent_covered_display": "100.0", "missing_lines": 0, "excluded_lines": 0, "percent_statements_covered": 100.0, "percent_statements_covered_display": "100.0"}, "missing_lines": [], "excluded_lines": [], "start_line": 37}, "CorrelationAnalyzer": {"executed_lines": [64, 65, 68, 69, 73, 74, 75, 76, 79, 80, 81, 84, 87, 88, 90, 91, 94, 97, 99, 106, 124, 125, 127, 129, 130, 131, 132, 134, 135, 137, 138, 139, 149, 150, 151, 152, 153, 154, 155, 156, 157, 158, 160, 163, 166, 167, 168, 169, 170, 171, 172, 173, 174, 177, 178, 179, 180, 187], "summary": {"covered_lines": 58, "num_statements": 58, "percent_covered": 100.0, "percent_covered_display": "100.0", "missing_lines": 0, "excluded_lines": 0, "percent_statements_covered": 100.0, "percent_statements_covered_display": "100.0"}, "missing_lines": [], "excluded_lines": [], "start_line": 48}, "": {"executed_lines": [7, 9, 10, 12, 13, 15, 16, 18, 20, 22, 25, 26, 29, 30, 31, 32, 33, 36, 37, 40, 41, 42, 43, 44, 45, 48, 59, 61, 71, 115, 141, 190, 192], "summary": {"covered_lines": 33, "num_statements": 33, "percent_covered": 100.0, "percent_covered_display": "100.0", "missing_lines": 0, "excluded_lines": 0, "percent_statements_covered": 100.0, "percent_statements_covered_display": "100.0"}, "missing_lines": [], "excluded_lines": [], "start_line": 1}}}, "engine\\analytics\\correlation\\cross_asset_matrix.py": {"executed_lines": [10, 12, 13, 14, 15, 17, 18, 20, 25, 26, 29, 45, 48, 49, 51, 52, 53, 54, 55, 56, 57, 58, 59, 60, 63, 77, 82, 83, 84, 86, 102, 105, 106, 107, 108, 110, 111, 114, 116, 118, 121, 122, 126, 128, 140, 143, 147, 148, 155, 156, 157, 158, 159, 160, 162, 163, 169, 170, 171, 172, 173, 175, 176, 178, 179, 180, 181, 182, 184, 185, 187, 188, 191, 192, 204, 207, 208, 209, 210, 213, 214, 218, 244, 245, 246, 247], "summary": {"covered_lines": 86, "num_statements": 94, "percent_covered": 91.48936170212765, "percent_covered_display": "91.5", "missing_lines": 8, "excluded_lines": 2, "percent_statements_covered": 91.48936170212765, "percent_statements_covered_display": "91.5"}, "missing_lines": [141, 183, 186, 189, 219, 220, 241, 242], "excluded_lines": [22, 23], "functions": {"CrossAssetMatrix.__init__": {"executed_lines": [82, 83, 84], "summary": {"covered_lines": 3, "num_statements": 3, "percent_covered": 100.0, "percent_covered_display": "100.0", "missing_lines": 0, "excluded_lines": 0, "percent_statements_covered": 100.0, "percent_statements_covered_display": "100.0"}, "missing_lines": [], "excluded_lines": [], "start_line": 77}, "CrossAssetMatrix.compute": {"executed_lines": [102, 105, 106, 107, 108, 110, 111, 114, 116, 118, 121, 122, 126, 128, 140, 143], "summary": {"covered_lines": 16, "num_statements": 17, "percent_covered": 94.11764705882354, "percent_covered_display": "94.1", "missing_lines": 1, "excluded_lines": 0, "percent_statements_covered": 94.11764705882354, "percent_statements_covered_display": "94.1"}, "missing_lines": [141], "excluded_lines": [], "start_line": 86}, "CrossAssetMatrix._avg_correlation": {"executed_lines": [155, 156, 157, 158, 159, 160], "summary": {"covered_lines": 6, "num_statements": 6, "percent_covered": 100.0, "percent_covered_display": "100.0", "missing_lines": 0, "excluded_lines": 0, "percent_statements_covered": 100.0, "percent_statements_covered_display": "100.0"}, "missing_lines": [], "excluded_lines": [], "start_line": 148}, "CrossAssetMatrix._diversification_score": {"executed_lines": [169, 170, 171, 172, 173], "summary": {"covered_lines": 5, "num_statements": 5, "percent_covered": 100.0, "percent_covered_display": "100.0", "missing_lines": 0, "excluded_lines": 0, "percent_statements_covered": 100.0, "percent_statements_covered_display": "100.0"}, "missing_lines": [], "excluded_lines": [], "start_line": 163}, "CrossAssetMatrix._classify_vix_regime": {"executed_lines": [178, 179, 180, 181, 182, 184, 185, 187, 188], "summary": {"covered_lines": 9, "num_statements": 12, "percent_covered": 75.0, "percent_covered_display": "75.0", "missing_lines": 3, "excluded_lines": 0, "percent_statements_covered": 75.0, "percent_statements_covered_display": "75.0"}, "missing_lines": [183, 186, 189], "excluded_lines": [], "start_line": 176}, "CrossAssetMatrix._compute_signal": {"executed_lines": [204, 207, 208, 209, 210, 213, 214], "summary": {"covered_lines": 7, "num_statements": 7, "percent_covered": 100.0, "percent_covered_display": "100.0", "missing_lines": 0, "excluded_lines": 0, "percent_statements_covered": 100.0, "percent_statements_covered_display": "100.0"}, "missing_lines": [], "excluded_lines": [], "start_line": 192}, "CrossAssetMatrix._persist": {"executed_lines": [], "summary": {"covered_lines": 0, "num_statements": 4, "percent_covered": 0.0, "percent_covered_display": "0.0", "missing_lines": 4, "excluded_lines": 0, "percent_statements_covered": 0.0, "percent_statements_covered_display": "0.0"}, "missing_lines": [219, 220, 241, 242], "excluded_lines": [], "start_line": 218}, "CrossAssetMatrix._empty_result": {"executed_lines": [246, 247], "summary": {"covered_lines": 2, "num_statements": 2, "percent_covered": 100.0, "percent_covered_display": "100.0", "missing_lines": 0, "excluded_lines": 0, "percent_statements_covered": 100.0, "percent_statements_covered_display": "100.0"}, "missing_lines": [], "excluded_lines": [], "start_line": 245}, "": {"executed_lines": [10, 12, 13, 14, 15, 17, 18, 20, 25, 26, 29, 45, 48, 49, 51, 52, 53, 54, 55, 56, 57, 58, 59, 60, 63, 77, 86, 147, 148, 162, 163, 175, 176, 191, 192, 218, 244, 245], "summary": {"covered_lines": 38, "num_statements": 38, "percent_covered": 100.0, "percent_covered_display": "100.0", "missing_lines": 0, "excluded_lines": 2, "percent_statements_covered": 100.0, "percent_statements_covered_display": "100.0"}, "missing_lines": [], "excluded_lines": [22, 23], "start_line": 1}}, "classes": {"CrossAssetMatrixResult": {"executed_lines": [], "summary": {"covered_lines": 0, "num_statements": 0, "percent_covered": 100.0, "percent_covered_display": "100.0", "missing_lines": 0, "excluded_lines": 0, "percent_statements_covered": 100.0, "percent_statements_covered_display": "100.0"}, "missing_lines": [], "excluded_lines": [], "start_line": 49}, "CrossAssetMatrix": {"executed_lines": [82, 83, 84, 102, 105, 106, 107, 108, 110, 111, 114, 116, 118, 121, 122, 126, 128, 140, 143, 155, 156, 157, 158, 159, 160, 169, 170, 171, 172, 173, 178, 179, 180, 181, 182, 184, 185, 187, 188, 204, 207, 208, 209, 210, 213, 214, 246, 247], "summary": {"covered_lines": 48, "num_statements": 56, "percent_covered": 85.71428571428571, "percent_covered_display": "85.7", "missing_lines": 8, "excluded_lines": 0, "percent_statements_covered": 85.71428571428571, "percent_statements_covered_display": "85.7"}, "missing_lines": [141, 183, 186, 189, 219, 220, 241, 242], "excluded_lines": [], "start_line": 63}, "": {"executed_lines": [10, 12, 13, 14, 15, 17, 18, 20, 25, 26, 29, 45, 48, 49, 51, 52, 53, 54, 55, 56, 57, 58, 59, 60, 63, 77, 86, 147, 148, 162, 163, 175, 176, 191, 192, 218, 244, 245], "summary": {"covered_lines": 38, "num_statements": 38, "percent_covered": 100.0, "percent_covered_display": "100.0", "missing_lines": 0, "excluded_lines": 2, "percent_statements_covered": 100.0, "percent_statements_covered_display": "100.0"}, "missing_lines": [], "excluded_lines": [22, 23], "start_line": 1}}}, "engine\\analytics\\correlation\\dcc_ewma_enhanced.py": {"executed_lines": [14, 16, 17, 18, 20, 21, 26, 27, 30, 31, 34, 37, 38, 40, 41, 42, 43, 44, 48, 49, 51, 52, 53, 54, 55, 58, 72, 77, 78, 80, 94, 95, 96, 97, 105, 106, 107, 108, 110, 111, 112, 113, 115, 118, 119, 120, 121, 122, 124, 125, 126, 134, 135, 139, 149, 150, 152, 153, 154, 155, 156, 157, 159, 160, 162, 163, 164, 165, 166, 168, 170, 172, 173, 175, 176, 177, 178, 179, 180, 184, 186, 187, 189, 190, 191, 192, 194, 195, 196, 197, 198, 199, 200, 204, 205, 212, 213, 214, 215, 216, 217, 218, 219, 221, 222, 223, 224, 228, 229, 231, 232, 233, 237, 238, 240, 241, 242, 244, 245], "summary": {"covered_lines": 119, "num_statements": 128, "percent_covered": 92.96875, "percent_covered_display": "93.0", "missing_lines": 9, "excluded_lines": 2, "percent_statements_covered": 92.96875, "percent_statements_covered_display": "93.0"}, "missing_lines": [116, 136, 137, 167, 181, 182, 220, 234, 235], "excluded_lines": [23, 24], "functions": {"DCCEWMAEnhanced.__init__": {"executed_lines": [77, 78], "summary": {"covered_lines": 2, "num_statements": 2, "percent_covered": 100.0, "percent_covered_display": "100.0", "missing_lines": 0, "excluded_lines": 0, "percent_statements_covered": 100.0, "percent_statements_covered_display": "100.0"}, "missing_lines": [], "excluded_lines": [], "start_line": 72}, "DCCEWMAEnhanced.compute": {"executed_lines": [94, 95, 96, 97, 105, 106, 107, 108, 110, 111, 112, 113, 115, 118, 119, 120, 121, 122, 124, 125, 126, 134, 135, 139], "summary": {"covered_lines": 24, "num_statements": 27, "percent_covered": 88.88888888888889, "percent_covered_display": "88.9", "missing_lines": 3, "excluded_lines": 0, "percent_statements_covered": 88.88888888888889, "percent_statements_covered_display": "88.9"}, "missing_lines": [116, 136, 137], "excluded_lines": [], "start_line": 80}, "DCCEWMAEnhanced._ewma_covariance": {"executed_lines": [152, 153, 154, 155, 156, 157], "summary": {"covered_lines": 6, "num_statements": 6, "percent_covered": 100.0, "percent_covered_display": "100.0", "missing_lines": 0, "excluded_lines": 0, "percent_statements_covered": 100.0, "percent_statements_covered_display": "100.0"}, "missing_lines": [], "excluded_lines": [], "start_line": 150}, "DCCEWMAEnhanced._ewma_correlation_last": {"executed_lines": [162, 163, 164, 165, 166, 168], "summary": {"covered_lines": 6, "num_statements": 7, "percent_covered": 85.71428571428571, "percent_covered_display": "85.7", "missing_lines": 1, "excluded_lines": 0, "percent_statements_covered": 85.71428571428571, "percent_statements_covered_display": "85.7"}, "missing_lines": [167], "excluded_lines": [], "start_line": 160}, "DCCEWMAEnhanced._find_optimal_lambda": {"executed_lines": [172, 173, 175, 176, 177, 178, 179, 180, 184], "summary": {"covered_lines": 9, "num_statements": 11, "percent_covered": 81.81818181818181, "percent_covered_display": "81.8", "missing_lines": 2, "excluded_lines": 0, "percent_statements_covered": 81.81818181818181, "percent_statements_covered_display": "81.8"}, "missing_lines": [181, 182], "excluded_lines": [], "start_line": 170}, "DCCEWMAEnhanced._log_likelihood": {"executed_lines": [189, 190, 191, 192, 194, 195, 196, 197, 198, 199, 200], "summary": {"covered_lines": 11, "num_statements": 11, "percent_covered": 100.0, "percent_covered_display": "100.0", "missing_lines": 0, "excluded_lines": 0, "percent_statements_covered": 100.0, "percent_statements_covered_display": "100.0"}, "missing_lines": [], "excluded_lines": [], "start_line": 187}, "DCCEWMAEnhanced._regime_conditioned": {"executed_lines": [212, 213, 214, 215, 216, 217, 218, 219, 221, 222, 223, 224], "summary": {"covered_lines": 12, "num_statements": 13, "percent_covered": 92.3076923076923, "percent_covered_display": "92.3", "missing_lines": 1, "excluded_lines": 0, "percent_statements_covered": 92.3076923076923, "percent_statements_covered_display": "92.3"}, "missing_lines": [220], "excluded_lines": [], "start_line": 205}, "DCCEWMAEnhanced._is_psd": {"executed_lines": [231, 232, 233], "summary": {"covered_lines": 3, "num_statements": 5, "percent_covered": 60.0, "percent_covered_display": "60.0", "missing_lines": 2, "excluded_lines": 0, "percent_statements_covered": 60.0, "percent_statements_covered_display": "60.0"}, "missing_lines": [234, 235], "excluded_lines": [], "start_line": 229}, "DCCEWMAEnhanced._ledoit_wolf_shrinkage": {"executed_lines": [240, 241, 242, 244, 245], "summary": {"covered_lines": 5, "num_statements": 5, "percent_covered": 100.0, "percent_covered_display": "100.0", "missing_lines": 0, "excluded_lines": 0, "percent_statements_covered": 100.0, "percent_statements_covered_display": "100.0"}, "missing_lines": [], "excluded_lines": [], "start_line": 238}, "": {"executed_lines": [14, 16, 17, 18, 20, 21, 26, 27, 30, 31, 34, 37, 38, 40, 41, 42, 43, 44, 48, 49, 51, 52, 53, 54, 55, 58, 72, 80, 149, 150, 159, 160, 170, 186, 187, 204, 205, 228, 229, 237, 238], "summary": {"covered_lines": 41, "num_statements": 41, "percent_covered": 100.0, "percent_covered_display": "100.0", "missing_lines": 0, "excluded_lines": 2, "percent_statements_covered": 100.0, "percent_statements_covered_display": "100.0"}, "missing_lines": [], "excluded_lines": [23, 24], "start_line": 1}}, "classes": {"EWMACorrelationResult": {"executed_lines": [], "summary": {"covered_lines": 0, "num_statements": 0, "percent_covered": 100.0, "percent_covered_display": "100.0", "missing_lines": 0, "excluded_lines": 0, "percent_statements_covered": 100.0, "percent_statements_covered_display": "100.0"}, "missing_lines": [], "excluded_lines": [], "start_line": 38}, "DCCEWMAEnhancedResult": {"executed_lines": [], "summary": {"covered_lines": 0, "num_statements": 0, "percent_covered": 100.0, "percent_covered_display": "100.0", "missing_lines": 0, "excluded_lines": 0, "percent_statements_covered": 100.0, "percent_statements_covered_display": "100.0"}, "missing_lines": [], "excluded_lines": [], "start_line": 49}, "DCCEWMAEnhanced": {"executed_lines": [77, 78, 94, 95, 96, 97, 105, 106, 107, 108, 110, 111, 112, 113, 115, 118, 119, 120, 121, 122, 124, 125, 126, 134, 135, 139, 152, 153, 154, 155, 156, 157, 162, 163, 164, 165, 166, 168, 172, 173, 175, 176, 177, 178, 179, 180, 184, 189, 190, 191, 192, 194, 195, 196, 197, 198, 199, 200, 212, 213, 214, 215, 216, 217, 218, 219, 221, 222, 223, 224, 231, 232, 233, 240, 241, 242, 244, 245], "summary": {"covered_lines": 78, "num_statements": 87, "percent_covered": 89.65517241379311, "percent_covered_display": "89.7", "missing_lines": 9, "excluded_lines": 0, "percent_statements_covered": 89.65517241379311, "percent_statements_covered_display": "89.7"}, "missing_lines": [116, 136, 137, 167, 181, 182, 220, 234, 235], "excluded_lines": [], "start_line": 58}, "": {"executed_lines": [14, 16, 17, 18, 20, 21, 26, 27, 30, 31, 34, 37, 38, 40, 41, 42, 43, 44, 48, 49, 51, 52, 53, 54, 55, 58, 72, 80, 149, 150, 159, 160, 170, 186, 187, 204, 205, 228, 229, 237, 238], "summary": {"covered_lines": 41, "num_statements": 41, "percent_covered": 100.0, "percent_covered_display": "100.0", "missing_lines": 0, "excluded_lines": 2, "percent_statements_covered": 100.0, "percent_statements_covered_display": "100.0"}, "missing_lines": [], "excluded_lines": [23, 24], "start_line": 1}}}, "engine\\analytics\\correlation\\lead_lag_analyzer.py": {"executed_lines": [15, 17, 18, 19, 20, 22, 23, 28, 29, 32, 35, 36, 38, 41, 42, 55, 56, 57, 58, 59, 60, 61, 62, 65, 80, 87, 88, 89, 90, 92, 108, 109, 111, 112, 113, 116, 117, 119, 121, 122, 123, 125, 127, 138, 141, 143, 157, 158, 159, 161, 162, 163, 164, 169, 173, 183, 184, 185, 186, 188, 189, 191, 192, 193, 195, 196, 197, 198, 199, 200, 201, 202, 204, 206, 207, 215, 216, 217, 218, 219, 220, 225, 226, 258, 259, 261, 263, 264, 265, 267, 268, 272, 273, 275, 276, 277, 278, 280, 281, 283, 284, 285, 289, 290, 291, 297], "summary": {"covered_lines": 106, "num_statements": 139, "percent_covered": 76.2589928057554, "percent_covered_display": "76.3", "missing_lines": 33, "excluded_lines": 4, "percent_statements_covered": 76.2589928057554, "percent_statements_covered_display": "76.3"}, "missing_lines": [139, 165, 166, 168, 190, 228, 229, 232, 233, 236, 238, 240, 241, 242, 243, 244, 246, 247, 249, 250, 252, 253, 254, 255, 256, 262, 266, 298, 299, 300, 301, 321, 322], "excluded_lines": [25, 26, 221, 223], "functions": {"LeadLagAnalyzer.__init__": {"executed_lines": [87, 88, 89, 90], "summary": {"covered_lines": 4, "num_statements": 4, "percent_covered": 100.0, "percent_covered_display": "100.0", "missing_lines": 0, "excluded_lines": 0, "percent_statements_covered": 100.0, "percent_statements_covered_display": "100.0"}, "missing_lines": [], "excluded_lines": [], "start_line": 80}, "LeadLagAnalyzer.test_pair": {"executed_lines": [108, 109, 111, 112, 113, 116, 117, 119, 121, 122, 123, 125, 127, 138, 141], "summary": {"covered_lines": 15, "num_statements": 16, "percent_covered": 93.75, "percent_covered_display": "93.8", "missing_lines": 1, "excluded_lines": 0, "percent_statements_covered": 93.75, "percent_statements_covered_display": "93.8"}, "missing_lines": [139], "excluded_lines": [], "start_line": 92}, "LeadLagAnalyzer.test_all_pairs": {"executed_lines": [157, 158, 159, 161, 162, 163, 164, 169], "summary": {"covered_lines": 8, "num_statements": 11, "percent_covered": 72.72727272727273, "percent_covered_display": "72.7", "missing_lines": 3, "excluded_lines": 0, "percent_statements_covered": 72.72727272727273, "percent_statements_covered_display": "72.7"}, "missing_lines": [165, 166, 168], "excluded_lines": [], "start_line": 143}, "LeadLagAnalyzer._run_granger": {"executed_lines": [183, 184, 185, 186, 188, 189, 191, 192, 193, 195, 196, 197, 198, 199, 200, 201, 202, 204], "summary": {"covered_lines": 18, "num_statements": 19, "percent_covered": 94.73684210526316, "percent_covered_display": "94.7", "missing_lines": 1, "excluded_lines": 0, "percent_statements_covered": 94.73684210526316, "percent_statements_covered_display": "94.7"}, "missing_lines": [190], "excluded_lines": [], "start_line": 173}, "LeadLagAnalyzer._granger_test": {"executed_lines": [215, 216, 217, 218, 219, 220], "summary": {"covered_lines": 6, "num_statements": 6, "percent_covered": 100.0, "percent_covered_display": "100.0", "missing_lines": 0, "excluded_lines": 2, "percent_statements_covered": 100.0, "percent_statements_covered_display": "100.0"}, "missing_lines": [], "excluded_lines": [221, 223], "start_line": 207}, "LeadLagAnalyzer._manual_granger": {"executed_lines": [], "summary": {"covered_lines": 0, "num_statements": 20, "percent_covered": 0.0, "percent_covered_display": "0.0", "missing_lines": 20, "excluded_lines": 0, "percent_statements_covered": 0.0, "percent_statements_covered_display": "0.0"}, "missing_lines": [228, 229, 232, 233, 236, 238, 240, 241, 242, 243, 244, 246, 247, 249, 250, 252, 253, 254, 255, 256], "excluded_lines": [], "start_line": 226}, "LeadLagAnalyzer._cross_corr_at_lag": {"executed_lines": [261, 263, 264, 265, 267, 268], "summary": {"covered_lines": 6, "num_statements": 8, "percent_covered": 75.0, "percent_covered_display": "75.0", "missing_lines": 2, "excluded_lines": 0, "percent_statements_covered": 75.0, "percent_statements_covered_display": "75.0"}, "missing_lines": [262, 266], "excluded_lines": [], "start_line": 259}, "LeadLagAnalyzer._preprocess": {"executed_lines": [275, 276, 277, 278, 280, 281, 283, 284, 285], "summary": {"covered_lines": 9, "num_statements": 9, "percent_covered": 100.0, "percent_covered_display": "100.0", "missing_lines": 0, "excluded_lines": 0, "percent_statements_covered": 100.0, "percent_statements_covered_display": "100.0"}, "missing_lines": [], "excluded_lines": [], "start_line": 273}, "LeadLagAnalyzer._null_result": {"executed_lines": [291], "summary": {"covered_lines": 1, "num_statements": 1, "percent_covered": 100.0, "percent_covered_display": "100.0", "missing_lines": 0, "excluded_lines": 0, "percent_statements_covered": 100.0, "percent_statements_covered_display": "100.0"}, "missing_lines": [], "excluded_lines": [], "start_line": 290}, "LeadLagAnalyzer._persist": {"executed_lines": [], "summary": {"covered_lines": 0, "num_statements": 6, "percent_covered": 0.0, "percent_covered_display": "0.0", "missing_lines": 6, "excluded_lines": 0, "percent_statements_covered": 0.0, "percent_statements_covered_display": "0.0"}, "missing_lines": [298, 299, 300, 301, 321, 322], "excluded_lines": [], "start_line": 297}, "": {"executed_lines": [15, 17, 18, 19, 20, 22, 23, 28, 29, 32, 35, 36, 38, 41, 42, 55, 56, 57, 58, 59, 60, 61, 62, 65, 80, 92, 143, 173, 206, 207, 225, 226, 258, 259, 272, 273, 289, 290, 297], "summary": {"covered_lines": 39, "num_statements": 39, "percent_covered": 100.0, "percent_covered_display": "100.0", "missing_lines": 0, "excluded_lines": 2, "percent_statements_covered": 100.0, "percent_statements_covered_display": "100.0"}, "missing_lines": [], "excluded_lines": [25, 26], "start_line": 1}}, "classes": {"LeadLagResult": {"executed_lines": [], "summary": {"covered_lines": 0, "num_statements": 0, "percent_covered": 100.0, "percent_covered_display": "100.0", "missing_lines": 0, "excluded_lines": 0, "percent_statements_covered": 100.0, "percent_statements_covered_display": "100.0"}, "missing_lines": [], "excluded_lines": [], "start_line": 42}, "LeadLagAnalyzer": {"executed_lines": [87, 88, 89, 90, 108, 109, 111, 112, 113, 116, 117, 119, 121, 122, 123, 125, 127, 138, 141, 157, 158, 159, 161, 162, 163, 164, 169, 183, 184, 185, 186, 188, 189, 191, 192, 193, 195, 196, 197, 198, 199, 200, 201, 202, 204, 215, 216, 217, 218, 219, 220, 261, 263, 264, 265, 267, 268, 275, 276, 277, 278, 280, 281, 283, 284, 285, 291], "summary": {"covered_lines": 67, "num_statements": 100, "percent_covered": 67.0, "percent_covered_display": "67.0", "missing_lines": 33, "excluded_lines": 2, "percent_statements_covered": 67.0, "percent_statements_covered_display": "67.0"}, "missing_lines": [139, 165, 166, 168, 190, 228, 229, 232, 233, 236, 238, 240, 241, 242, 243, 244, 246, 247, 249, 250, 252, 253, 254, 255, 256, 262, 266, 298, 299, 300, 301, 321, 322], "excluded_lines": [221, 223], "start_line": 65}, "": {"executed_lines": [15, 17, 18, 19, 20, 22, 23, 28, 29, 32, 35, 36, 38, 41, 42, 55, 56, 57, 58, 59, 60, 61, 62, 65, 80, 92, 143, 173, 206, 207, 225, 226, 258, 259, 272, 273, 289, 290, 297], "summary": {"covered_lines": 39, "num_statements": 39, "percent_covered": 100.0, "percent_covered_display": "100.0", "missing_lines": 0, "excluded_lines": 2, "percent_statements_covered": 100.0, "percent_statements_covered_display": "100.0"}, "missing_lines": [], "excluded_lines": [25, 26], "start_line": 1}}}, "engine\\analytics\\correlation\\regime_detector.py": {"executed_lines": [9, 11, 13, 14, 16, 17, 19, 21, 23, 26, 29, 30, 33, 34, 35, 38, 39, 42, 43, 44, 45, 46, 49, 55, 56, 58, 59, 60, 61, 62, 64, 68, 69, 70, 71, 74, 75, 77, 78, 81, 82, 83, 84, 87, 90, 94, 99, 100, 103, 110, 111, 112, 113, 114, 116, 117, 118, 124, 127, 131, 137, 145, 149, 150, 152, 153, 154, 155, 157, 160, 161, 162, 163, 165, 166, 167, 168, 169], "summary": {"covered_lines": 78, "num_statements": 78, "percent_covered": 100.0, "percent_covered_display": "100.0", "missing_lines": 0, "excluded_lines": 0, "percent_statements_covered": 100.0, "percent_statements_covered_display": "100.0"}, "missing_lines": [], "excluded_lines": [], "functions": {"RegimeDetector.__init__": {"executed_lines": [59, 60, 61, 62], "summary": {"covered_lines": 4, "num_statements": 4, "percent_covered": 100.0, "percent_covered_display": "100.0", "missing_lines": 0, "excluded_lines": 0, "percent_statements_covered": 100.0, "percent_statements_covered_display": "100.0"}, "missing_lines": [], "excluded_lines": [], "start_line": 58}, "RegimeDetector.run": {"executed_lines": [68, 69, 70, 71, 74, 75, 77, 78, 81, 82, 83, 84, 87, 90, 94, 99, 100, 103, 110, 111, 112, 113, 114, 116, 117, 118, 124, 127, 131, 137], "summary": {"covered_lines": 30, "num_statements": 30, "percent_covered": 100.0, "percent_covered_display": "100.0", "missing_lines": 0, "excluded_lines": 0, "percent_statements_covered": 100.0, "percent_statements_covered_display": "100.0"}, "missing_lines": [], "excluded_lines": [], "start_line": 64}, "RegimeDetector._kmeans": {"executed_lines": [149, 150, 152, 153, 154, 155, 157, 160, 161, 162, 163, 165, 166, 167, 168, 169], "summary": {"covered_lines": 16, "num_statements": 16, "percent_covered": 100.0, "percent_covered_display": "100.0", "missing_lines": 0, "excluded_lines": 0, "percent_statements_covered": 100.0, "percent_statements_covered_display": "100.0"}, "missing_lines": [], "excluded_lines": [], "start_line": 145}, "": {"executed_lines": [9, 11, 13, 14, 16, 17, 19, 21, 23, 26, 29, 30, 33, 34, 35, 38, 39, 42, 43, 44, 45, 46, 49, 55, 56, 58, 64, 145], "summary": {"covered_lines": 28, "num_statements": 28, "percent_covered": 100.0, "percent_covered_display": "100.0", "missing_lines": 0, "excluded_lines": 0, "percent_statements_covered": 100.0, "percent_statements_covered_display": "100.0"}, "missing_lines": [], "excluded_lines": [], "start_line": 1}}, "classes": {"MarketRegime": {"executed_lines": [], "summary": {"covered_lines": 0, "num_statements": 0, "percent_covered": 100.0, "percent_covered_display": "100.0", "missing_lines": 0, "excluded_lines": 0, "percent_statements_covered": 100.0, "percent_statements_covered_display": "100.0"}, "missing_lines": [], "excluded_lines": [], "start_line": 30}, "RegimeReport": {"executed_lines": [], "summary": {"covered_lines": 0, "num_statements": 0, "percent_covered": 100.0, "percent_covered_display": "100.0", "missing_lines": 0, "excluded_lines": 0, "percent_statements_covered": 100.0, "percent_statements_covered_display": "100.0"}, "missing_lines": [], "excluded_lines": [], "start_line": 39}, "RegimeDetector": {"executed_lines": [59, 60, 61, 62, 68, 69, 70, 71, 74, 75, 77, 78, 81, 82, 83, 84, 87, 90, 94, 99, 100, 103, 110, 111, 112, 113, 114, 116, 117, 118, 124, 127, 131, 137, 149, 150, 152, 153, 154, 155, 157, 160, 161, 162, 163, 165, 166, 167, 168, 169], "summary": {"covered_lines": 50, "num_statements": 50, "percent_covered": 100.0, "percent_covered_display": "100.0", "missing_lines": 0, "excluded_lines": 0, "percent_statements_covered": 100.0, "percent_statements_covered_display": "100.0"}, "missing_lines": [], "excluded_lines": [], "start_line": 49}, "": {"executed_lines": [9, 11, 13, 14, 16, 17, 19, 21, 23, 26, 29, 30, 33, 34, 35, 38, 39, 42, 43, 44, 45, 46, 49, 55, 56, 58, 64, 145], "summary": {"covered_lines": 28, "num_statements": 28, "percent_covered": 100.0, "percent_covered_display": "100.0", "missing_lines": 0, "excluded_lines": 0, "percent_statements_covered": 100.0, "percent_statements_covered_display": "100.0"}, "missing_lines": [], "excluded_lines": [], "start_line": 1}}}, "engine\\analytics\\labour_market\\claims_cycle_detector.py": {"executed_lines": [22, 24, 25, 26, 28, 29, 30, 32, 38, 39, 41, 44, 45, 46, 47, 50, 51, 52, 54, 57, 58, 61, 62, 63, 64, 65, 66, 67, 70, 73, 74, 75, 77, 111, 116, 117, 120, 121, 122, 123, 124, 127, 128, 129, 130, 131, 132, 133, 134, 135, 136, 139, 143, 144, 146, 147, 154, 155, 159, 169, 170, 185, 186, 187, 189, 190, 191, 194, 195, 196, 198, 199, 202, 204], "summary": {"covered_lines": 74, "num_statements": 98, "percent_covered": 75.51020408163265, "percent_covered_display": "75.5", "missing_lines": 24, "excluded_lines": 0, "percent_statements_covered": 75.51020408163265, "percent_statements_covered_display": "75.5"}, "missing_lines": [83, 84, 87, 88, 89, 90, 91, 93, 94, 96, 98, 99, 101, 109, 156, 157, 200, 206, 207, 208, 209, 210, 226, 227], "excluded_lines": [], "functions": {"ClaimsCycleDetector.__init__": {"executed_lines": [74, 75], "summary": {"covered_lines": 2, "num_statements": 2, "percent_covered": 100.0, "percent_covered_display": "100.0", "missing_lines": 0, "excluded_lines": 0, "percent_statements_covered": 100.0, "percent_statements_covered_display": "100.0"}, "missing_lines": [], "excluded_lines": [], "start_line": 73}, "ClaimsCycleDetector.detect": {"executed_lines": [], "summary": {"covered_lines": 0, "num_statements": 14, "percent_covered": 0.0, "percent_covered_display": "0.0", "missing_lines": 14, "excluded_lines": 0, "percent_statements_covered": 0.0, "percent_statements_covered_display": "0.0"}, "missing_lines": [83, 84, 87, 88, 89, 90, 91, 93, 94, 96, 98, 99, 101, 109], "excluded_lines": [], "start_line": 77}, "ClaimsCycleDetector._compute_signal": {"executed_lines": [116, 117, 120, 121, 122, 123, 124, 127, 128, 129, 130, 131, 132, 133, 134, 135, 136, 139, 143, 144, 146, 147, 154, 155, 159], "summary": {"covered_lines": 25, "num_statements": 27, "percent_covered": 92.5925925925926, "percent_covered_display": "92.6", "missing_lines": 2, "excluded_lines": 0, "percent_statements_covered": 92.5925925925926, "percent_statements_covered_display": "92.6"}, "missing_lines": [156, 157], "excluded_lines": [], "start_line": 111}, "ClaimsCycleDetector._classify_regime": {"executed_lines": [185, 186, 187, 189, 190, 191, 194, 195, 196, 198, 199, 202], "summary": {"covered_lines": 12, "num_statements": 13, "percent_covered": 92.3076923076923, "percent_covered_display": "92.3", "missing_lines": 1, "excluded_lines": 0, "percent_statements_covered": 92.3076923076923, "percent_statements_covered_display": "92.3"}, "missing_lines": [200], "excluded_lines": [], "start_line": 170}, "ClaimsCycleDetector._persist": {"executed_lines": [], "summary": {"covered_lines": 0, "num_statements": 7, "percent_covered": 0.0, "percent_covered_display": "0.0", "missing_lines": 7, "excluded_lines": 0, "percent_statements_covered": 0.0, "percent_statements_covered_display": "0.0"}, "missing_lines": [206, 207, 208, 209, 210, 226, 227], "excluded_lines": [], "start_line": 204}, "": {"executed_lines": [22, 24, 25, 26, 28, 29, 30, 32, 38, 39, 41, 44, 45, 46, 47, 50, 51, 52, 54, 57, 58, 61, 62, 63, 64, 65, 66, 67, 70, 73, 77, 111, 169, 170, 204], "summary": {"covered_lines": 35, "num_statements": 35, "percent_covered": 100.0, "percent_covered_display": "100.0", "missing_lines": 0, "excluded_lines": 0, "percent_statements_covered": 100.0, "percent_statements_covered_display": "100.0"}, "missing_lines": [], "excluded_lines": [], "start_line": 1}}, "classes": {"ClaimsCycleSignal": {"executed_lines": [], "summary": {"covered_lines": 0, "num_statements": 0, "percent_covered": 100.0, "percent_covered_display": "100.0", "missing_lines": 0, "excluded_lines": 0, "percent_statements_covered": 100.0, "percent_statements_covered_display": "100.0"}, "missing_lines": [], "excluded_lines": [], "start_line": 58}, "ClaimsCycleDetector": {"executed_lines": [74, 75, 116, 117, 120, 121, 122, 123, 124, 127, 128, 129, 130, 131, 132, 133, 134, 135, 136, 139, 143, 144, 146, 147, 154, 155, 159, 185, 186, 187, 189, 190, 191, 194, 195, 196, 198, 199, 202], "summary": {"covered_lines": 39, "num_statements": 63, "percent_covered": 61.904761904761905, "percent_covered_display": "61.9", "missing_lines": 24, "excluded_lines": 0, "percent_statements_covered": 61.904761904761905, "percent_statements_covered_display": "61.9"}, "missing_lines": [83, 84, 87, 88, 89, 90, 91, 93, 94, 96, 98, 99, 101, 109, 156, 157, 200, 206, 207, 208, 209, 210, 226, 227], "excluded_lines": [], "start_line": 70}, "": {"executed_lines": [22, 24, 25, 26, 28, 29, 30, 32, 38, 39, 41, 44, 45, 46, 47, 50, 51, 52, 54, 57, 58, 61, 62, 63, 64, 65, 66, 67, 70, 73, 77, 111, 169, 170, 204], "summary": {"covered_lines": 35, "num_statements": 35, "percent_covered": 100.0, "percent_covered_display": "100.0", "missing_lines": 0, "excluded_lines": 0, "percent_statements_covered": 100.0, "percent_statements_covered_display": "100.0"}, "missing_lines": [], "excluded_lines": [], "start_line": 1}}}, "engine\\analytics\\labour_market\\claims_fetcher.py": {"executed_lines": [15, 17, 18, 19, 21, 23, 29, 30, 32, 34, 35, 36, 38, 39, 40, 43, 44, 45, 47, 50, 58, 59, 60, 62, 71, 72, 74, 75, 76, 78, 79, 80, 82, 83, 85, 89, 90, 91, 93, 103, 104, 105, 107, 109, 110, 111, 118, 121, 122, 123, 124, 128, 129, 130, 133, 134, 135, 137, 138, 139, 140, 141, 143, 144, 146, 147, 148, 149, 150, 151, 152, 153, 155, 156, 176, 179, 182, 184, 185, 186, 187, 188, 189, 190, 191, 195, 196, 202, 205, 206, 207, 208, 209, 210], "summary": {"covered_lines": 94, "num_statements": 100, "percent_covered": 94.0, "percent_covered_display": "94.0", "missing_lines": 6, "excluded_lines": 3, "percent_statements_covered": 94.0, "percent_statements_covered_display": "94.0"}, "missing_lines": [142, 177, 178, 192, 211, 212], "excluded_lines": [25, 26, 27], "functions": {"ClaimsFetcher.__init__": {"executed_lines": [59, 60], "summary": {"covered_lines": 2, "num_statements": 2, "percent_covered": 100.0, "percent_covered_display": "100.0", "missing_lines": 0, "excluded_lines": 0, "percent_statements_covered": 100.0, "percent_statements_covered_display": "100.0"}, "missing_lines": [], "excluded_lines": [], "start_line": 58}, "ClaimsFetcher.fetch_and_persist": {"executed_lines": [71, 72, 74, 75, 76, 78, 79, 80, 82, 83, 85, 89, 90, 91, 93, 103, 104, 105], "summary": {"covered_lines": 18, "num_statements": 18, "percent_covered": 100.0, "percent_covered_display": "100.0", "missing_lines": 0, "excluded_lines": 0, "percent_statements_covered": 100.0, "percent_statements_covered_display": "100.0"}, "missing_lines": [], "excluded_lines": [], "start_line": 62}, "ClaimsFetcher.get_latest": {"executed_lines": [109, 110, 111, 118, 121, 122, 123, 124], "summary": {"covered_lines": 8, "num_statements": 8, "percent_covered": 100.0, "percent_covered_display": "100.0", "missing_lines": 0, "excluded_lines": 0, "percent_statements_covered": 100.0, "percent_statements_covered_display": "100.0"}, "missing_lines": [], "excluded_lines": [], "start_line": 107}, "ClaimsFetcher._fetch_series": {"executed_lines": [130, 133, 134, 135], "summary": {"covered_lines": 4, "num_statements": 4, "percent_covered": 100.0, "percent_covered_display": "100.0", "missing_lines": 0, "excluded_lines": 0, "percent_statements_covered": 100.0, "percent_statements_covered_display": "100.0"}, "missing_lines": [], "excluded_lines": [], "start_line": 129}, "ClaimsFetcher._persist": {"executed_lines": [138, 139, 140, 141, 143, 144, 146, 147, 148, 149, 150, 151, 152, 153, 155, 156, 176, 179], "summary": {"covered_lines": 18, "num_statements": 21, "percent_covered": 85.71428571428571, "percent_covered_display": "85.7", "missing_lines": 3, "excluded_lines": 0, "percent_statements_covered": 85.71428571428571, "percent_statements_covered_display": "85.7"}, "missing_lines": [142, 177, 178], "excluded_lines": [], "start_line": 137}, "_classify_regime": {"executed_lines": [184, 185, 186, 187, 188, 189, 190, 191], "summary": {"covered_lines": 8, "num_statements": 9, "percent_covered": 88.88888888888889, "percent_covered_display": "88.9", "missing_lines": 1, "excluded_lines": 0, "percent_statements_covered": 88.88888888888889, "percent_statements_covered_display": "88.9"}, "missing_lines": [192], "excluded_lines": [], "start_line": 182}, "_regime_to_signal": {"executed_lines": [196, 202], "summary": {"covered_lines": 2, "num_statements": 2, "percent_covered": 100.0, "percent_covered_display": "100.0", "missing_lines": 0, "excluded_lines": 0, "percent_statements_covered": 100.0, "percent_statements_covered_display": "100.0"}, "missing_lines": [], "excluded_lines": [], "start_line": 195}, "_f": {"executed_lines": [206, 207, 208, 209, 210], "summary": {"covered_lines": 5, "num_statements": 7, "percent_covered": 71.42857142857143, "percent_covered_display": "71.4", "missing_lines": 2, "excluded_lines": 0, "percent_statements_covered": 71.42857142857143, "percent_statements_covered_display": "71.4"}, "missing_lines": [211, 212], "excluded_lines": [], "start_line": 205}, "": {"executed_lines": [15, 17, 18, 19, 21, 23, 29, 30, 32, 34, 35, 36, 38, 39, 40, 43, 44, 45, 47, 50, 58, 62, 107, 128, 129, 137, 182, 195, 205], "summary": {"covered_lines": 29, "num_statements": 29, "percent_covered": 100.0, "percent_covered_display": "100.0", "missing_lines": 0, "excluded_lines": 3, "percent_statements_covered": 100.0, "percent_statements_covered_display": "100.0"}, "missing_lines": [], "excluded_lines": [25, 26, 27], "start_line": 1}}, "classes": {"ClaimsFetcher": {"executed_lines": [59, 60, 71, 72, 74, 75, 76, 78, 79, 80, 82, 83, 85, 89, 90, 91, 93, 103, 104, 105, 109, 110, 111, 118, 121, 122, 123, 124, 130, 133, 134, 135, 138, 139, 140, 141, 143, 144, 146, 147, 148, 149, 150, 151, 152, 153, 155, 156, 176, 179], "summary": {"covered_lines": 50, "num_statements": 53, "percent_covered": 94.33962264150944, "percent_covered_display": "94.3", "missing_lines": 3, "excluded_lines": 0, "percent_statements_covered": 94.33962264150944, "percent_statements_covered_display": "94.3"}, "missing_lines": [142, 177, 178], "excluded_lines": [], "start_line": 50}, "": {"executed_lines": [15, 17, 18, 19, 21, 23, 29, 30, 32, 34, 35, 36, 38, 39, 40, 43, 44, 45, 47, 50, 58, 62, 107, 128, 129, 137, 182, 184, 185, 186, 187, 188, 189, 190, 191, 195, 196, 202, 205, 206, 207, 208, 209, 210], "summary": {"covered_lines": 44, "num_statements": 47, "percent_covered": 93.61702127659575, "percent_covered_display": "93.6", "missing_lines": 3, "excluded_lines": 3, "percent_statements_covered": 93.61702127659575, "percent_statements_covered_display": "93.6"}, "missing_lines": [192, 211, 212], "excluded_lines": [25, 26, 27], "start_line": 1}}}, "engine\\analytics\\labour_market\\jolts_analyzer.py": {"executed_lines": [32, 34, 35, 36, 38, 39, 40, 42, 48, 49, 51, 54, 55, 56, 57, 58, 61, 72, 75, 76, 79, 80, 81, 82, 83, 84, 85, 86, 89, 98, 103, 104, 105, 107, 117, 118, 119, 120, 125, 126, 127, 137, 139, 140, 142, 149, 151, 156, 157, 158, 159, 160, 162, 163, 164, 165, 166, 168, 169, 170, 171, 172, 176, 179, 180, 181, 182, 185, 188, 189, 190, 193, 194, 195, 196, 197, 198, 200, 203, 204, 205, 206, 207, 209, 220, 226, 229, 230, 231, 234, 235, 236, 238, 240, 241, 243, 244, 245, 250, 254, 255, 256, 257, 261, 262, 263, 264, 265, 287, 289, 290, 291, 292, 293, 294], "summary": {"covered_lines": 115, "num_statements": 123, "percent_covered": 93.4959349593496, "percent_covered_display": "93.5", "missing_lines": 8, "excluded_lines": 0, "percent_statements_covered": 93.4959349593496, "percent_statements_covered_display": "93.5"}, "missing_lines": [128, 129, 135, 227, 237, 247, 283, 284], "excluded_lines": [], "functions": {"JOLTSAnalyzer.__init__": {"executed_lines": [103, 104, 105], "summary": {"covered_lines": 3, "num_statements": 3, "percent_covered": 100.0, "percent_covered_display": "100.0", "missing_lines": 0, "excluded_lines": 0, "percent_statements_covered": 100.0, "percent_statements_covered_display": "100.0"}, "missing_lines": [], "excluded_lines": [], "start_line": 98}, "JOLTSAnalyzer.analyze": {"executed_lines": [117, 118, 119, 120, 125, 126, 127, 137, 139, 140, 142, 149], "summary": {"covered_lines": 12, "num_statements": 15, "percent_covered": 80.0, "percent_covered_display": "80.0", "missing_lines": 3, "excluded_lines": 0, "percent_statements_covered": 80.0, "percent_statements_covered_display": "80.0"}, "missing_lines": [128, 129, 135], "excluded_lines": [], "start_line": 107}, "JOLTSAnalyzer._compute_signal": {"executed_lines": [156, 162, 168, 169, 170, 171, 172, 176, 179, 180, 181, 182, 185, 188, 189, 190, 193, 194, 195, 196, 197, 198, 200, 203, 204, 205, 206, 207, 209], "summary": {"covered_lines": 29, "num_statements": 29, "percent_covered": 100.0, "percent_covered_display": "100.0", "missing_lines": 0, "excluded_lines": 0, "percent_statements_covered": 100.0, "percent_statements_covered_display": "100.0"}, "missing_lines": [], "excluded_lines": [], "start_line": 151}, "JOLTSAnalyzer._compute_signal.last_value": {"executed_lines": [157, 158, 159, 160], "summary": {"covered_lines": 4, "num_statements": 4, "percent_covered": 100.0, "percent_covered_display": "100.0", "missing_lines": 0, "excluded_lines": 0, "percent_statements_covered": 100.0, "percent_statements_covered_display": "100.0"}, "missing_lines": [], "excluded_lines": [], "start_line": 156}, "JOLTSAnalyzer._compute_signal.as_array": {"executed_lines": [163, 164, 165, 166], "summary": {"covered_lines": 4, "num_statements": 4, "percent_covered": 100.0, "percent_covered_display": "100.0", "missing_lines": 0, "excluded_lines": 0, "percent_statements_covered": 100.0, "percent_statements_covered_display": "100.0"}, "missing_lines": [], "excluded_lines": [], "start_line": 162}, "JOLTSAnalyzer._persist": {"executed_lines": [226, 229, 230, 231, 234, 240, 241, 243, 244, 245, 250, 254, 255, 256, 257, 261, 262, 263, 264, 265], "summary": {"covered_lines": 20, "num_statements": 24, "percent_covered": 83.33333333333333, "percent_covered_display": "83.3", "missing_lines": 4, "excluded_lines": 0, "percent_statements_covered": 83.33333333333333, "percent_statements_covered_display": "83.3"}, "missing_lines": [227, 247, 283, 284], "excluded_lines": [], "start_line": 220}, "JOLTSAnalyzer._persist._prep": {"executed_lines": [235, 236, 238], "summary": {"covered_lines": 3, "num_statements": 4, "percent_covered": 75.0, "percent_covered_display": "75.0", "missing_lines": 1, "excluded_lines": 0, "percent_statements_covered": 75.0, "percent_statements_covered_display": "75.0"}, "missing_lines": [237], "excluded_lines": [], "start_line": 234}, "import_np": {"executed_lines": [289, 290, 291, 292, 294], "summary": {"covered_lines": 5, "num_statements": 5, "percent_covered": 100.0, "percent_covered_display": "100.0", "missing_lines": 0, "excluded_lines": 0, "percent_statements_covered": 100.0, "percent_statements_covered_display": "100.0"}, "missing_lines": [], "excluded_lines": [], "start_line": 287}, "import_np._ctx": {"executed_lines": [293], "summary": {"covered_lines": 1, "num_statements": 1, "percent_covered": 100.0, "percent_covered_display": "100.0", "missing_lines": 0, "excluded_lines": 0, "percent_statements_covered": 100.0, "percent_statements_covered_display": "100.0"}, "missing_lines": [], "excluded_lines": [], "start_line": 292}, "": {"executed_lines": [32, 34, 35, 36, 38, 39, 40, 42, 48, 49, 51, 54, 55, 56, 57, 58, 61, 72, 75, 76, 79, 80, 81, 82, 83, 84, 85, 86, 89, 98, 107, 151, 220, 287], "summary": {"covered_lines": 34, "num_statements": 34, "percent_covered": 100.0, "percent_covered_display": "100.0", "missing_lines": 0, "excluded_lines": 0, "percent_statements_covered": 100.0, "percent_statements_covered_display": "100.0"}, "missing_lines": [], "excluded_lines": [], "start_line": 1}}, "classes": {"JOLTSSignal": {"executed_lines": [], "summary": {"covered_lines": 0, "num_statements": 0, "percent_covered": 100.0, "percent_covered_display": "100.0", "missing_lines": 0, "excluded_lines": 0, "percent_statements_covered": 100.0, "percent_statements_covered_display": "100.0"}, "missing_lines": [], "excluded_lines": [], "start_line": 76}, "JOLTSAnalyzer": {"executed_lines": [103, 104, 105, 117, 118, 119, 120, 125, 126, 127, 137, 139, 140, 142, 149, 156, 157, 158, 159, 160, 162, 163, 164, 165, 166, 168, 169, 170, 171, 172, 176, 179, 180, 181, 182, 185, 188, 189, 190, 193, 194, 195, 196, 197, 198, 200, 203, 204, 205, 206, 207, 209, 226, 229, 230, 231, 234, 235, 236, 238, 240, 241, 243, 244, 245, 250, 254, 255, 256, 257, 261, 262, 263, 264, 265], "summary": {"covered_lines": 75, "num_statements": 83, "percent_covered": 90.36144578313252, "percent_covered_display": "90.4", "missing_lines": 8, "excluded_lines": 0, "percent_statements_covered": 90.36144578313252, "percent_statements_covered_display": "90.4"}, "missing_lines": [128, 129, 135, 227, 237, 247, 283, 284], "excluded_lines": [], "start_line": 89}, "": {"executed_lines": [32, 34, 35, 36, 38, 39, 40, 42, 48, 49, 51, 54, 55, 56, 57, 58, 61, 72, 75, 76, 79, 80, 81, 82, 83, 84, 85, 86, 89, 98, 107, 151, 220, 287, 289, 290, 291, 292, 293, 294], "summary": {"covered_lines": 40, "num_statements": 40, "percent_covered": 100.0, "percent_covered_display": "100.0", "missing_lines": 0, "excluded_lines": 0, "percent_statements_covered": 100.0, "percent_statements_covered_display": "100.0"}, "missing_lines": [], "excluded_lines": [], "start_line": 1}}}, "engine\\analytics\\labour_market\\jolts_fetcher.py": {"executed_lines": [16, 18, 19, 20, 22, 24, 30, 31, 33, 35, 44, 47, 50, 58, 59, 60, 62, 71, 72, 74, 75, 76, 77, 78, 80, 81, 82, 85, 86, 90, 91, 92, 97, 101, 102, 103, 105, 111, 112, 113, 119, 122, 123, 124, 125, 129, 130, 131, 135, 136, 137, 138, 140, 141, 143, 144, 145, 146, 147, 149, 150, 151, 153, 154, 155, 156, 157, 159, 160, 162, 163, 164, 165, 166, 167, 168, 169, 171, 176, 182, 183, 205, 208, 211, 213, 214, 215, 216, 217], "summary": {"covered_lines": 89, "num_statements": 97, "percent_covered": 91.75257731958763, "percent_covered_display": "91.8", "missing_lines": 8, "excluded_lines": 3, "percent_statements_covered": 91.75257731958763, "percent_statements_covered_display": "91.8"}, "missing_lines": [87, 99, 148, 158, 206, 207, 218, 219], "excluded_lines": [26, 27, 28], "functions": {"JOLTSFetcher.__init__": {"executed_lines": [59, 60], "summary": {"covered_lines": 2, "num_statements": 2, "percent_covered": 100.0, "percent_covered_display": "100.0", "missing_lines": 0, "excluded_lines": 0, "percent_statements_covered": 100.0, "percent_statements_covered_display": "100.0"}, "missing_lines": [], "excluded_lines": [], "start_line": 58}, "JOLTSFetcher.fetch_and_persist": {"executed_lines": [71, 72, 74, 75, 76, 77, 78, 80, 81, 82, 85, 86, 90, 91, 92, 97, 101, 102, 103], "summary": {"covered_lines": 19, "num_statements": 21, "percent_covered": 90.47619047619048, "percent_covered_display": "90.5", "missing_lines": 2, "excluded_lines": 0, "percent_statements_covered": 90.47619047619048, "percent_statements_covered_display": "90.5"}, "missing_lines": [87, 99], "excluded_lines": [], "start_line": 62}, "JOLTSFetcher.get_latest": {"executed_lines": [111, 112, 113, 119, 122, 123, 124, 125], "summary": {"covered_lines": 8, "num_statements": 8, "percent_covered": 100.0, "percent_covered_display": "100.0", "missing_lines": 0, "excluded_lines": 0, "percent_statements_covered": 100.0, "percent_statements_covered_display": "100.0"}, "missing_lines": [], "excluded_lines": [], "start_line": 105}, "JOLTSFetcher._fetch_series": {"executed_lines": [131, 135, 136, 137, 138], "summary": {"covered_lines": 5, "num_statements": 5, "percent_covered": 100.0, "percent_covered_display": "100.0", "missing_lines": 0, "excluded_lines": 0, "percent_statements_covered": 100.0, "percent_statements_covered_display": "100.0"}, "missing_lines": [], "excluded_lines": [], "start_line": 130}, "JOLTSFetcher._align_monthly": {"executed_lines": [143, 144, 145, 146, 147, 149, 150, 151], "summary": {"covered_lines": 8, "num_statements": 9, "percent_covered": 88.88888888888889, "percent_covered_display": "88.9", "missing_lines": 1, "excluded_lines": 0, "percent_statements_covered": 88.88888888888889, "percent_statements_covered_display": "88.9"}, "missing_lines": [148], "excluded_lines": [], "start_line": 141}, "JOLTSFetcher._persist": {"executed_lines": [154, 155, 156, 157, 159, 160, 162, 163, 164, 165, 166, 167, 168, 169, 171, 176, 182, 183, 205, 208], "summary": {"covered_lines": 20, "num_statements": 23, "percent_covered": 86.95652173913044, "percent_covered_display": "87.0", "missing_lines": 3, "excluded_lines": 0, "percent_statements_covered": 86.95652173913044, "percent_statements_covered_display": "87.0"}, "missing_lines": [158, 206, 207], "excluded_lines": [], "start_line": 153}, "_f": {"executed_lines": [213, 214, 215, 216, 217], "summary": {"covered_lines": 5, "num_statements": 7, "percent_covered": 71.42857142857143, "percent_covered_display": "71.4", "missing_lines": 2, "excluded_lines": 0, "percent_statements_covered": 71.42857142857143, "percent_statements_covered_display": "71.4"}, "missing_lines": [218, 219], "excluded_lines": [], "start_line": 211}, "": {"executed_lines": [16, 18, 19, 20, 22, 24, 30, 31, 33, 35, 44, 47, 50, 58, 62, 105, 129, 130, 140, 141, 153, 211], "summary": {"covered_lines": 22, "num_statements": 22, "percent_covered": 100.0, "percent_covered_display": "100.0", "missing_lines": 0, "excluded_lines": 3, "percent_statements_covered": 100.0, "percent_statements_covered_display": "100.0"}, "missing_lines": [], "excluded_lines": [26, 27, 28], "start_line": 1}}, "classes": {"JOLTSFetcher": {"executed_lines": [59, 60, 71, 72, 74, 75, 76, 77, 78, 80, 81, 82, 85, 86, 90, 91, 92, 97, 101, 102, 103, 111, 112, 113, 119, 122, 123, 124, 125, 131, 135, 136, 137, 138, 143, 144, 145, 146, 147, 149, 150, 151, 154, 155, 156, 157, 159, 160, 162, 163, 164, 165, 166, 167, 168, 169, 171, 176, 182, 183, 205, 208], "summary": {"covered_lines": 62, "num_statements": 68, "percent_covered": 91.17647058823529, "percent_covered_display": "91.2", "missing_lines": 6, "excluded_lines": 0, "percent_statements_covered": 91.17647058823529, "percent_statements_covered_display": "91.2"}, "missing_lines": [87, 99, 148, 158, 206, 207], "excluded_lines": [], "start_line": 50}, "": {"executed_lines": [16, 18, 19, 20, 22, 24, 30, 31, 33, 35, 44, 47, 50, 58, 62, 105, 129, 130, 140, 141, 153, 211, 213, 214, 215, 216, 217], "summary": {"covered_lines": 27, "num_statements": 29, "percent_covered": 93.10344827586206, "percent_covered_display": "93.1", "missing_lines": 2, "excluded_lines": 3, "percent_statements_covered": 93.10344827586206, "percent_statements_covered_display": "93.1"}, "missing_lines": [218, 219], "excluded_lines": [26, 27, 28], "start_line": 1}}}, "engine\\analytics\\labour_market\\labour_forecast_engine.py": {"executed_lines": [18, 20, 22, 23, 24, 25, 26, 28, 37, 38, 39, 41, 42, 43, 46, 55, 56, 57, 58, 59, 60, 61, 63, 73, 75, 76, 77, 79, 80, 84, 85, 88, 89, 104, 105, 106, 108, 109, 116, 132, 133, 135, 137, 138, 143, 146, 147, 171, 174, 178, 180, 181, 185, 186, 187, 188, 189, 190, 191, 193, 194, 195, 197, 208, 210, 211, 218, 219, 221], "summary": {"covered_lines": 69, "num_statements": 85, "percent_covered": 81.17647058823529, "percent_covered_display": "81.2", "missing_lines": 16, "excluded_lines": 2, "percent_statements_covered": 81.17647058823529, "percent_statements_covered_display": "81.2"}, "missing_lines": [99, 100, 101, 102, 140, 141, 153, 155, 156, 161, 162, 163, 164, 165, 182, 183], "excluded_lines": [34, 35], "functions": {"LabourForecastEngine.__init__": {"executed_lines": [56, 57, 58, 59, 60, 61], "summary": {"covered_lines": 6, "num_statements": 6, "percent_covered": 100.0, "percent_covered_display": "100.0", "missing_lines": 0, "excluded_lines": 0, "percent_statements_covered": 100.0, "percent_statements_covered_display": "100.0"}, "missing_lines": [], "excluded_lines": [], "start_line": 55}, "LabourForecastEngine.fit": {"executed_lines": [73, 75, 76, 77, 79, 80, 84, 85, 88, 89, 104, 105, 106, 108, 109], "summary": {"covered_lines": 15, "num_statements": 19, "percent_covered": 78.94736842105263, "percent_covered_display": "78.9", "missing_lines": 4, "excluded_lines": 0, "percent_statements_covered": 78.94736842105263, "percent_statements_covered_display": "78.9"}, "missing_lines": [99, 100, 101, 102], "excluded_lines": [], "start_line": 63}, "LabourForecastEngine.forecast": {"executed_lines": [132, 133, 135, 137, 138, 143, 146, 147, 171, 174, 178, 180, 181, 185, 186, 187, 188, 189, 190, 191, 193, 194, 195, 197, 208, 210, 211], "summary": {"covered_lines": 27, "num_statements": 39, "percent_covered": 69.23076923076923, "percent_covered_display": "69.2", "missing_lines": 12, "excluded_lines": 0, "percent_statements_covered": 69.23076923076923, "percent_statements_covered_display": "69.2"}, "missing_lines": [140, 141, 153, 155, 156, 161, 162, 163, 164, 165, 182, 183], "excluded_lines": [], "start_line": 116}, "LabourForecastEngine.is_fitted": {"executed_lines": [221], "summary": {"covered_lines": 1, "num_statements": 1, "percent_covered": 100.0, "percent_covered_display": "100.0", "missing_lines": 0, "excluded_lines": 0, "percent_statements_covered": 100.0, "percent_statements_covered_display": "100.0"}, "missing_lines": [], "excluded_lines": [], "start_line": 219}, "": {"executed_lines": [18, 20, 22, 23, 24, 25, 26, 28, 37, 38, 39, 41, 42, 43, 46, 55, 63, 116, 218, 219], "summary": {"covered_lines": 20, "num_statements": 20, "percent_covered": 100.0, "percent_covered_display": "100.0", "missing_lines": 0, "excluded_lines": 2, "percent_statements_covered": 100.0, "percent_statements_covered_display": "100.0"}, "missing_lines": [], "excluded_lines": [34, 35], "start_line": 1}}, "classes": {"LabourForecastEngine": {"executed_lines": [56, 57, 58, 59, 60, 61, 73, 75, 76, 77, 79, 80, 84, 85, 88, 89, 104, 105, 106, 108, 109, 132, 133, 135, 137, 138, 143, 146, 147, 171, 174, 178, 180, 181, 185, 186, 187, 188, 189, 190, 191, 193, 194, 195, 197, 208, 210, 211, 221], "summary": {"covered_lines": 49, "num_statements": 65, "percent_covered": 75.38461538461539, "percent_covered_display": "75.4", "missing_lines": 16, "excluded_lines": 0, "percent_statements_covered": 75.38461538461539, "percent_statements_covered_display": "75.4"}, "missing_lines": [99, 100, 101, 102, 140, 141, 153, 155, 156, 161, 162, 163, 164, 165, 182, 183], "excluded_lines": [], "start_line": 46}, "": {"executed_lines": [18, 20, 22, 23, 24, 25, 26, 28, 37, 38, 39, 41, 42, 43, 46, 55, 63, 116, 218, 219], "summary": {"covered_lines": 20, "num_statements": 20, "percent_covered": 100.0, "percent_covered_display": "100.0", "missing_lines": 0, "excluded_lines": 2, "percent_statements_covered": 100.0, "percent_statements_covered_display": "100.0"}, "missing_lines": [], "excluded_lines": [34, 35], "start_line": 1}}}, "engine\\analytics\\labour_market\\labour_regime_classifier.py": {"executed_lines": [21, 23, 24, 25, 27, 28, 34, 35, 37, 40, 41, 42, 45, 46, 47, 48, 51, 52, 55, 56, 57, 58, 59, 60, 61, 64, 70, 71, 73, 89, 90, 91, 94, 99, 102, 103, 104, 105, 106, 107, 112, 113, 114, 115, 117, 127, 130, 138, 140], "summary": {"covered_lines": 49, "num_statements": 57, "percent_covered": 85.96491228070175, "percent_covered_display": "86.0", "missing_lines": 8, "excluded_lines": 3, "percent_statements_covered": 85.96491228070175, "percent_statements_covered_display": "86.0"}, "missing_lines": [109, 128, 142, 143, 144, 145, 160, 161], "excluded_lines": [30, 31, 32], "functions": {"LabourRegimeClassifier.__init__": {"executed_lines": [71], "summary": {"covered_lines": 1, "num_statements": 1, "percent_covered": 100.0, "percent_covered_display": "100.0", "missing_lines": 0, "excluded_lines": 0, "percent_statements_covered": 100.0, "percent_statements_covered_display": "100.0"}, "missing_lines": [], "excluded_lines": [], "start_line": 70}, "LabourRegimeClassifier.classify": {"executed_lines": [89, 90, 91, 94, 99, 102, 103, 104, 105, 106, 107, 112, 113, 114, 115, 117, 127, 130, 138], "summary": {"covered_lines": 19, "num_statements": 21, "percent_covered": 90.47619047619048, "percent_covered_display": "90.5", "missing_lines": 2, "excluded_lines": 0, "percent_statements_covered": 90.47619047619048, "percent_statements_covered_display": "90.5"}, "missing_lines": [109, 128], "excluded_lines": [], "start_line": 73}, "LabourRegimeClassifier._persist": {"executed_lines": [], "summary": {"covered_lines": 0, "num_statements": 6, "percent_covered": 0.0, "percent_covered_display": "0.0", "missing_lines": 6, "excluded_lines": 0, "percent_statements_covered": 0.0, "percent_statements_covered_display": "0.0"}, "missing_lines": [142, 143, 144, 145, 160, 161], "excluded_lines": [], "start_line": 140}, "": {"executed_lines": [21, 23, 24, 25, 27, 28, 34, 35, 37, 40, 41, 42, 45, 46, 47, 48, 51, 52, 55, 56, 57, 58, 59, 60, 61, 64, 70, 73, 140], "summary": {"covered_lines": 29, "num_statements": 29, "percent_covered": 100.0, "percent_covered_display": "100.0", "missing_lines": 0, "excluded_lines": 3, "percent_statements_covered": 100.0, "percent_statements_covered_display": "100.0"}, "missing_lines": [], "excluded_lines": [30, 31, 32], "start_line": 1}}, "classes": {"LabourRegimeResult": {"executed_lines": [], "summary": {"covered_lines": 0, "num_statements": 0, "percent_covered": 100.0, "percent_covered_display": "100.0", "missing_lines": 0, "excluded_lines": 0, "percent_statements_covered": 100.0, "percent_statements_covered_display": "100.0"}, "missing_lines": [], "excluded_lines": [], "start_line": 52}, "LabourRegimeClassifier": {"executed_lines": [71, 89, 90, 91, 94, 99, 102, 103, 104, 105, 106, 107, 112, 113, 114, 115, 117, 127, 130, 138], "summary": {"covered_lines": 20, "num_statements": 28, "percent_covered": 71.42857142857143, "percent_covered_display": "71.4", "missing_lines": 8, "excluded_lines": 0, "percent_statements_covered": 71.42857142857143, "percent_statements_covered_display": "71.4"}, "missing_lines": [109, 128, 142, 143, 144, 145, 160, 161], "excluded_lines": [], "start_line": 64}, "": {"executed_lines": [21, 23, 24, 25, 27, 28, 34, 35, 37, 40, 41, 42, 45, 46, 47, 48, 51, 52, 55, 56, 57, 58, 59, 60, 61, 64, 70, 73, 140], "summary": {"covered_lines": 29, "num_statements": 29, "percent_covered": 100.0, "percent_covered_display": "100.0", "missing_lines": 0, "excluded_lines": 3, "percent_statements_covered": 100.0, "percent_statements_covered_display": "100.0"}, "missing_lines": [], "excluded_lines": [30, 31, 32], "start_line": 1}}}, "engine\\analytics\\labour_market\\payroll_decomposer.py": {"executed_lines": [33, 35, 36, 38, 39, 40, 42, 48, 49, 52, 63, 64, 67, 68, 71, 72, 73, 74, 75, 76, 77, 78, 81, 84, 85, 86, 88, 95, 96, 99, 100, 106, 107, 108, 109, 112, 117, 119, 120, 122, 130, 132, 141, 142, 144, 146, 148, 149, 152, 153, 156, 157, 158, 159, 162, 164, 166, 169, 176, 177, 178, 179, 180, 182, 189, 190, 194, 205, 206, 214, 215, 216, 217, 218, 220, 222, 228, 230, 231, 232, 233, 235, 236, 237, 243, 244], "summary": {"covered_lines": 86, "num_statements": 103, "percent_covered": 83.49514563106796, "percent_covered_display": "83.5", "missing_lines": 17, "excluded_lines": 0, "percent_statements_covered": 83.49514563106796, "percent_statements_covered_display": "83.5"}, "missing_lines": [101, 102, 103, 113, 114, 115, 147, 191, 192, 229, 234, 238, 239, 240, 241, 258, 259], "excluded_lines": [], "functions": {"PayrollDecomposer.__init__": {"executed_lines": [85, 86], "summary": {"covered_lines": 2, "num_statements": 2, "percent_covered": 100.0, "percent_covered_display": "100.0", "missing_lines": 0, "excluded_lines": 0, "percent_statements_covered": 100.0, "percent_statements_covered_display": "100.0"}, "missing_lines": [], "excluded_lines": [], "start_line": 84}, "PayrollDecomposer.decompose": {"executed_lines": [95, 96, 99, 100, 106, 107, 108, 109, 112, 117, 119, 120, 122, 130], "summary": {"covered_lines": 14, "num_statements": 20, "percent_covered": 70.0, "percent_covered_display": "70.0", "missing_lines": 6, "excluded_lines": 0, "percent_statements_covered": 70.0, "percent_statements_covered_display": "70.0"}, "missing_lines": [101, 102, 103, 113, 114, 115], "excluded_lines": [], "start_line": 88}, "PayrollDecomposer._compute_signal": {"executed_lines": [141, 144, 152, 153, 156, 157, 158, 159, 162, 164, 166, 169, 176, 177, 178, 179, 180, 182, 189, 190, 194], "summary": {"covered_lines": 21, "num_statements": 23, "percent_covered": 91.30434782608695, "percent_covered_display": "91.3", "missing_lines": 2, "excluded_lines": 0, "percent_statements_covered": 91.30434782608695, "percent_statements_covered_display": "91.3"}, "missing_lines": [191, 192], "excluded_lines": [], "start_line": 132}, "PayrollDecomposer._compute_signal.last_val": {"executed_lines": [142], "summary": {"covered_lines": 1, "num_statements": 1, "percent_covered": 100.0, "percent_covered_display": "100.0", "missing_lines": 0, "excluded_lines": 0, "percent_statements_covered": 100.0, "percent_statements_covered_display": "100.0"}, "missing_lines": [], "excluded_lines": [], "start_line": 141}, "PayrollDecomposer._compute_signal.delta_mom": {"executed_lines": [146, 148, 149], "summary": {"covered_lines": 3, "num_statements": 4, "percent_covered": 75.0, "percent_covered_display": "75.0", "missing_lines": 1, "excluded_lines": 0, "percent_statements_covered": 75.0, "percent_statements_covered_display": "75.0"}, "missing_lines": [147], "excluded_lines": [], "start_line": 144}, "PayrollDecomposer._compute_revision": {"executed_lines": [214, 215, 216, 217, 218, 220], "summary": {"covered_lines": 6, "num_statements": 6, "percent_covered": 100.0, "percent_covered_display": "100.0", "missing_lines": 0, "excluded_lines": 0, "percent_statements_covered": 100.0, "percent_statements_covered_display": "100.0"}, "missing_lines": [], "excluded_lines": [], "start_line": 206}, "PayrollDecomposer._persist": {"executed_lines": [228, 230, 231, 232, 233, 235, 236, 237, 243, 244], "summary": {"covered_lines": 10, "num_statements": 18, "percent_covered": 55.55555555555556, "percent_covered_display": "55.6", "missing_lines": 8, "excluded_lines": 0, "percent_statements_covered": 55.55555555555556, "percent_statements_covered_display": "55.6"}, "missing_lines": [229, 234, 238, 239, 240, 241, 258, 259], "excluded_lines": [], "start_line": 222}, "": {"executed_lines": [33, 35, 36, 38, 39, 40, 42, 48, 49, 52, 63, 64, 67, 68, 71, 72, 73, 74, 75, 76, 77, 78, 81, 84, 88, 132, 205, 206, 222], "summary": {"covered_lines": 29, "num_statements": 29, "percent_covered": 100.0, "percent_covered_display": "100.0", "missing_lines": 0, "excluded_lines": 0, "percent_statements_covered": 100.0, "percent_statements_covered_display": "100.0"}, "missing_lines": [], "excluded_lines": [], "start_line": 1}}, "classes": {"PayrollSignal": {"executed_lines": [], "summary": {"covered_lines": 0, "num_statements": 0, "percent_covered": 100.0, "percent_covered_display": "100.0", "missing_lines": 0, "excluded_lines": 0, "percent_statements_covered": 100.0, "percent_statements_covered_display": "100.0"}, "missing_lines": [], "excluded_lines": [], "start_line": 68}, "PayrollDecomposer": {"executed_lines": [85, 86, 95, 96, 99, 100, 106, 107, 108, 109, 112, 117, 119, 120, 122, 130, 141, 142, 144, 146, 148, 149, 152, 153, 156, 157, 158, 159, 162, 164, 166, 169, 176, 177, 178, 179, 180, 182, 189, 190, 194, 214, 215, 216, 217, 218, 220, 228, 230, 231, 232, 233, 235, 236, 237, 243, 244], "summary": {"covered_lines": 57, "num_statements": 74, "percent_covered": 77.02702702702703, "percent_covered_display": "77.0", "missing_lines": 17, "excluded_lines": 0, "percent_statements_covered": 77.02702702702703, "percent_statements_covered_display": "77.0"}, "missing_lines": [101, 102, 103, 113, 114, 115, 147, 191, 192, 229, 234, 238, 239, 240, 241, 258, 259], "excluded_lines": [], "start_line": 81}, "": {"executed_lines": [33, 35, 36, 38, 39, 40, 42, 48, 49, 52, 63, 64, 67, 68, 71, 72, 73, 74, 75, 76, 77, 78, 81, 84, 88, 132, 205, 206, 222], "summary": {"covered_lines": 29, "num_statements": 29, "percent_covered": 100.0, "percent_covered_display": "100.0", "missing_lines": 0, "excluded_lines": 0, "percent_statements_covered": 100.0, "percent_statements_covered_display": "100.0"}, "missing_lines": [], "excluded_lines": [], "start_line": 1}}}, "engine\\analytics\\labour_market\\payroll_fetcher.py": {"executed_lines": [24, 26, 27, 28, 30, 32, 38, 39, 41, 43, 58, 61, 69, 70, 71, 73, 82, 83, 85, 86, 87, 88, 89, 90, 91, 93, 94, 95, 97, 98, 99, 100, 102, 103, 107, 108, 110, 112, 113, 114, 120, 122, 123, 124, 125, 129, 130, 131, 134, 135, 136, 138, 145, 146, 147, 148, 149, 151, 152, 153, 154, 155, 178, 181, 184, 186, 187, 188, 189, 190, 191, 192], "summary": {"covered_lines": 72, "num_statements": 77, "percent_covered": 93.50649350649351, "percent_covered_display": "93.5", "missing_lines": 5, "excluded_lines": 3, "percent_statements_covered": 93.50649350649351, "percent_statements_covered_display": "93.5"}, "missing_lines": [101, 179, 180, 193, 194], "excluded_lines": [34, 35, 36], "functions": {"PayrollFetcher.__init__": {"executed_lines": [70, 71], "summary": {"covered_lines": 2, "num_statements": 2, "percent_covered": 100.0, "percent_covered_display": "100.0", "missing_lines": 0, "excluded_lines": 0, "percent_statements_covered": 100.0, "percent_statements_covered_display": "100.0"}, "missing_lines": [], "excluded_lines": [], "start_line": 69}, "PayrollFetcher.fetch_and_persist": {"executed_lines": [82, 83, 85, 86, 87, 88, 89, 90, 91, 93, 94, 95, 97, 98, 99, 100, 102, 103, 107, 108], "summary": {"covered_lines": 20, "num_statements": 21, "percent_covered": 95.23809523809524, "percent_covered_display": "95.2", "missing_lines": 1, "excluded_lines": 0, "percent_statements_covered": 95.23809523809524, "percent_statements_covered_display": "95.2"}, "missing_lines": [101], "excluded_lines": [], "start_line": 73}, "PayrollFetcher.get_latest": {"executed_lines": [112, 113, 114, 120, 122, 123, 124, 125], "summary": {"covered_lines": 8, "num_statements": 8, "percent_covered": 100.0, "percent_covered_display": "100.0", "missing_lines": 0, "excluded_lines": 0, "percent_statements_covered": 100.0, "percent_statements_covered_display": "100.0"}, "missing_lines": [], "excluded_lines": [], "start_line": 110}, "PayrollFetcher._fetch_series": {"executed_lines": [131, 134, 135, 136], "summary": {"covered_lines": 4, "num_statements": 4, "percent_covered": 100.0, "percent_covered_display": "100.0", "missing_lines": 0, "excluded_lines": 0, "percent_statements_covered": 100.0, "percent_statements_covered_display": "100.0"}, "missing_lines": [], "excluded_lines": [], "start_line": 130}, "PayrollFetcher._persist_sector": {"executed_lines": [145, 146, 147, 148, 149, 151, 152, 153, 154, 155, 178, 181], "summary": {"covered_lines": 12, "num_statements": 14, "percent_covered": 85.71428571428571, "percent_covered_display": "85.7", "missing_lines": 2, "excluded_lines": 0, "percent_statements_covered": 85.71428571428571, "percent_statements_covered_display": "85.7"}, "missing_lines": [179, 180], "excluded_lines": [], "start_line": 138}, "_fv": {"executed_lines": [186, 187, 188, 189, 190, 191, 192], "summary": {"covered_lines": 7, "num_statements": 9, "percent_covered": 77.77777777777777, "percent_covered_display": "77.8", "missing_lines": 2, "excluded_lines": 0, "percent_statements_covered": 77.77777777777777, "percent_statements_covered_display": "77.8"}, "missing_lines": [193, 194], "excluded_lines": [], "start_line": 184}, "": {"executed_lines": [24, 26, 27, 28, 30, 32, 38, 39, 41, 43, 58, 61, 69, 73, 110, 129, 130, 138, 184], "summary": {"covered_lines": 19, "num_statements": 19, "percent_covered": 100.0, "percent_covered_display": "100.0", "missing_lines": 0, "excluded_lines": 3, "percent_statements_covered": 100.0, "percent_statements_covered_display": "100.0"}, "missing_lines": [], "excluded_lines": [34, 35, 36], "start_line": 1}}, "classes": {"PayrollFetcher": {"executed_lines": [70, 71, 82, 83, 85, 86, 87, 88, 89, 90, 91, 93, 94, 95, 97, 98, 99, 100, 102, 103, 107, 108, 112, 113, 114, 120, 122, 123, 124, 125, 131, 134, 135, 136, 145, 146, 147, 148, 149, 151, 152, 153, 154, 155, 178, 181], "summary": {"covered_lines": 46, "num_statements": 49, "percent_covered": 93.87755102040816, "percent_covered_display": "93.9", "missing_lines": 3, "excluded_lines": 0, "percent_statements_covered": 93.87755102040816, "percent_statements_covered_display": "93.9"}, "missing_lines": [101, 179, 180], "excluded_lines": [], "start_line": 61}, "": {"executed_lines": [24, 26, 27, 28, 30, 32, 38, 39, 41, 43, 58, 61, 69, 73, 110, 129, 130, 138, 184, 186, 187, 188, 189, 190, 191, 192], "summary": {"covered_lines": 26, "num_statements": 28, "percent_covered": 92.85714285714286, "percent_covered_display": "92.9", "missing_lines": 2, "excluded_lines": 3, "percent_statements_covered": 92.85714285714286, "percent_statements_covered_display": "92.9"}, "missing_lines": [193, 194], "excluded_lines": [34, 35, 36], "start_line": 1}}}, "engine\\analytics\\labour_market\\schemas.py": {"executed_lines": [5, 6, 7, 8, 10, 11, 12, 14, 15, 21, 22, 25, 27, 28, 29, 30, 31, 32, 34, 35, 36, 39, 41, 42, 43, 45, 46, 47, 50, 52, 53, 54, 56, 57, 58, 61, 62, 64, 65, 66, 67, 68, 69, 70, 71, 72, 75, 76, 78, 79, 80, 81], "summary": {"covered_lines": 52, "num_statements": 52, "percent_covered": 100.0, "percent_covered_display": "100.0", "missing_lines": 0, "excluded_lines": 0, "percent_statements_covered": 100.0, "percent_statements_covered_display": "100.0"}, "missing_lines": [], "excluded_lines": [], "functions": {"": {"executed_lines": [5, 6, 7, 8, 10, 11, 12, 14, 15, 21, 22, 25, 27, 28, 29, 30, 31, 32, 34, 35, 36, 39, 41, 42, 43, 45, 46, 47, 50, 52, 53, 54, 56, 57, 58, 61, 62, 64, 65, 66, 67, 68, 69, 70, 71, 72, 75, 76, 78, 79, 80, 81], "summary": {"covered_lines": 52, "num_statements": 52, "percent_covered": 100.0, "percent_covered_display": "100.0", "missing_lines": 0, "excluded_lines": 0, "percent_statements_covered": 100.0, "percent_statements_covered_display": "100.0"}, "missing_lines": [], "excluded_lines": [], "start_line": 1}}, "classes": {"JOLTSOutputSchema": {"executed_lines": [], "summary": {"covered_lines": 0, "num_statements": 0, "percent_covered": 100.0, "percent_covered_display": "100.0", "missing_lines": 0, "excluded_lines": 0, "percent_statements_covered": 100.0, "percent_statements_covered_display": "100.0"}, "missing_lines": [], "excluded_lines": [], "start_line": 25}, "JOLTSOutputSchema.Config": {"executed_lines": [], "summary": {"covered_lines": 0, "num_statements": 0, "percent_covered": 100.0, "percent_covered_display": "100.0", "missing_lines": 0, "excluded_lines": 0, "percent_statements_covered": 100.0, "percent_statements_covered_display": "100.0"}, "missing_lines": [], "excluded_lines": [], "start_line": 34}, "ClaimsOutputSchema": {"executed_lines": [], "summary": {"covered_lines": 0, "num_statements": 0, "percent_covered": 100.0, "percent_covered_display": "100.0", "missing_lines": 0, "excluded_lines": 0, "percent_statements_covered": 100.0, "percent_statements_covered_display": "100.0"}, "missing_lines": [], "excluded_lines": [], "start_line": 39}, "ClaimsOutputSchema.Config": {"executed_lines": [], "summary": {"covered_lines": 0, "num_statements": 0, "percent_covered": 100.0, "percent_covered_display": "100.0", "missing_lines": 0, "excluded_lines": 0, "percent_statements_covered": 100.0, "percent_statements_covered_display": "100.0"}, "missing_lines": [], "excluded_lines": [], "start_line": 45}, "PayrollOutputSchema": {"executed_lines": [], "summary": {"covered_lines": 0, "num_statements": 0, "percent_covered": 100.0, "percent_covered_display": "100.0", "missing_lines": 0, "excluded_lines": 0, "percent_statements_covered": 100.0, "percent_statements_covered_display": "100.0"}, "missing_lines": [], "excluded_lines": [], "start_line": 50}, "PayrollOutputSchema.Config": {"executed_lines": [], "summary": {"covered_lines": 0, "num_statements": 0, "percent_covered": 100.0, "percent_covered_display": "100.0", "missing_lines": 0, "excluded_lines": 0, "percent_statements_covered": 100.0, "percent_statements_covered_display": "100.0"}, "missing_lines": [], "excluded_lines": [], "start_line": 56}, "ForecastBundle": {"executed_lines": [], "summary": {"covered_lines": 0, "num_statements": 0, "percent_covered": 100.0, "percent_covered_display"
[...]
 "missing_lines": 3, "excluded_lines": 0, "percent_statements_covered": 66.66666666666667, "percent_statements_covered_display": "66.7"}, "missing_lines": [242, 243, 244], "excluded_lines": [], "start_line": 232}, "PECalculator._get_risk_free_rate": {"executed_lines": [251, 252, 257, 259, 260, 261, 262, 267, 269, 270, 271], "summary": {"covered_lines": 11, "num_statements": 13, "percent_covered": 84.61538461538461, "percent_covered_display": "84.6", "missing_lines": 2, "excluded_lines": 0, "percent_statements_covered": 84.61538461538461, "percent_statements_covered_display": "84.6"}, "missing_lines": [258, 268], "excluded_lines": [], "start_line": 249}, "PECalculator._compute_peg": {"executed_lines": [275, 276, 277, 278, 290, 291, 292], "summary": {"covered_lines": 7, "num_statements": 14, "percent_covered": 50.0, "percent_covered_display": "50.0", "missing_lines": 7, "excluded_lines": 0, "percent_statements_covered": 50.0, "percent_statements_covered_display": "50.0"}, "missing_lines": [283, 284, 285, 286, 287, 288, 289], "excluded_lines": [], "start_line": 273}, "": {"executed_lines": [13, 15, 16, 17, 19, 21, 26, 27, 30, 31, 32, 33, 37, 50, 64, 67, 110, 144, 165, 184, 202, 214, 232, 249, 273], "summary": {"covered_lines": 25, "num_statements": 25, "percent_covered": 100.0, "percent_covered_display": "100.0", "missing_lines": 0, "excluded_lines": 2, "percent_statements_covered": 100.0, "percent_statements_covered_display": "100.0"}, "missing_lines": [], "excluded_lines": [23, 24], "start_line": 1}}, "classes": {"PECalculator": {"executed_lines": [65, 77, 79, 80, 81, 82, 83, 84, 85, 88, 91, 92, 95, 115, 116, 146, 147, 151, 152, 156, 157, 158, 159, 160, 161, 167, 168, 173, 174, 179, 180, 182, 186, 187, 192, 193, 194, 195, 197, 198, 200, 204, 205, 210, 211, 212, 216, 217, 218, 225, 228, 229, 230, 234, 236, 241, 245, 246, 247, 251, 252, 257, 259, 260, 261, 262, 267, 269, 270, 271, 275, 276, 277, 278, 290, 291, 292], "summary": {"covered_lines": 77, "num_statements": 102, "percent_covered": 75.49019607843137, "percent_covered_display": "75.5", "missing_lines": 25, "excluded_lines": 0, "percent_statements_covered": 75.49019607843137, "percent_statements_covered_display": "75.5"}, "missing_lines": [93, 139, 140, 153, 154, 162, 163, 175, 176, 181, 199, 226, 227, 242, 243, 244, 258, 268, 283, 284, 285, 286, 287, 288, 289], "excluded_lines": [], "start_line": 50}, "": {"executed_lines": [13, 15, 16, 17, 19, 21, 26, 27, 30, 31, 32, 33, 37, 39, 40, 50, 64, 67, 110, 144, 165, 184, 202, 214, 232, 249, 273], "summary": {"covered_lines": 27, "num_statements": 34, "percent_covered": 79.41176470588235, "percent_covered_display": "79.4", "missing_lines": 7, "excluded_lines": 2, "percent_statements_covered": 79.41176470588235, "percent_statements_covered_display": "79.4"}, "missing_lines": [41, 42, 43, 44, 45, 46, 47], "excluded_lines": [23, 24], "start_line": 1}}}, "engine\\analytics\\valuation\\pe_context_builder.py": {"executed_lines": [8, 10, 11, 12, 14, 15, 17, 22, 23, 26, 36, 37, 38, 39, 40, 41, 44, 56, 57, 58, 60, 70, 73, 74, 75, 78, 81, 84, 89, 90, 92, 96, 104, 106, 108, 121, 122, 123, 129, 133, 134, 135, 140, 144, 145, 152, 154, 155, 156, 157, 159, 160, 162, 163, 164, 166, 167, 169, 171, 172, 173, 175, 176], "summary": {"covered_lines": 63, "num_statements": 72, "percent_covered": 87.5, "percent_covered_display": "87.5", "missing_lines": 9, "excluded_lines": 2, "percent_statements_covered": 87.5, "percent_statements_covered_display": "87.5"}, "missing_lines": [130, 131, 141, 142, 153, 158, 170, 174, 177], "excluded_lines": [19, 20], "functions": {"PEContextBuilder.__init__": {"executed_lines": [57, 58], "summary": {"covered_lines": 2, "num_statements": 2, "percent_covered": 100.0, "percent_covered_display": "100.0", "missing_lines": 0, "excluded_lines": 0, "percent_statements_covered": 100.0, "percent_statements_covered_display": "100.0"}, "missing_lines": [], "excluded_lines": [], "start_line": 56}, "PEContextBuilder.build": {"executed_lines": [70, 73, 74, 75, 78, 81, 84, 89, 90, 92, 96, 104, 106, 108], "summary": {"covered_lines": 14, "num_statements": 14, "percent_covered": 100.0, "percent_covered_display": "100.0", "missing_lines": 0, "excluded_lines": 0, "percent_statements_covered": 100.0, "percent_statements_covered_display": "100.0"}, "missing_lines": [], "excluded_lines": [], "start_line": 60}, "PEContextBuilder._get_hist_series": {"executed_lines": [122, 123, 129], "summary": {"covered_lines": 3, "num_statements": 5, "percent_covered": 60.0, "percent_covered_display": "60.0", "missing_lines": 2, "excluded_lines": 0, "percent_statements_covered": 60.0, "percent_statements_covered_display": "60.0"}, "missing_lines": [130, 131], "excluded_lines": [], "start_line": 121}, "PEContextBuilder._get_hist_cape": {"executed_lines": [134, 135, 140], "summary": {"covered_lines": 3, "num_statements": 5, "percent_covered": 60.0, "percent_covered_display": "60.0", "missing_lines": 2, "excluded_lines": 0, "percent_statements_covered": 60.0, "percent_statements_covered_display": "60.0"}, "missing_lines": [141, 142], "excluded_lines": [], "start_line": 133}, "PEContextBuilder._compute_zp": {"executed_lines": [152, 154, 155, 156, 157, 159, 160, 162, 163, 164], "summary": {"covered_lines": 10, "num_statements": 12, "percent_covered": 83.33333333333333, "percent_covered_display": "83.3", "missing_lines": 2, "excluded_lines": 0, "percent_statements_covered": 83.33333333333333, "percent_statements_covered_display": "83.3"}, "missing_lines": [153, 158], "excluded_lines": [], "start_line": 145}, "PEContextBuilder._assign_label": {"executed_lines": [169, 171, 172, 173, 175, 176], "summary": {"covered_lines": 6, "num_statements": 9, "percent_covered": 66.66666666666667, "percent_covered_display": "66.7", "missing_lines": 3, "excluded_lines": 0, "percent_statements_covered": 66.66666666666667, "percent_statements_covered_display": "66.7"}, "missing_lines": [170, 174, 177], "excluded_lines": [], "start_line": 167}, "": {"executed_lines": [8, 10, 11, 12, 14, 15, 17, 22, 23, 26, 36, 37, 38, 39, 40, 41, 44, 56, 60, 121, 133, 144, 145, 166, 167], "summary": {"covered_lines": 25, "num_statements": 25, "percent_covered": 100.0, "percent_covered_display": "100.0", "missing_lines": 0, "excluded_lines": 2, "percent_statements_covered": 100.0, "percent_statements_covered_display": "100.0"}, "missing_lines": [], "excluded_lines": [19, 20], "start_line": 1}}, "classes": {"PEContextBuilder": {"executed_lines": [57, 58, 70, 73, 74, 75, 78, 81, 84, 89, 90, 92, 96, 104, 106, 108, 122, 123, 129, 134, 135, 140, 152, 154, 155, 156, 157, 159, 160, 162, 163, 164, 169, 171, 172, 173, 175, 176], "summary": {"covered_lines": 38, "num_statements": 47, "percent_covered": 80.85106382978724, "percent_covered_display": "80.9", "missing_lines": 9, "excluded_lines": 0, "percent_statements_covered": 80.85106382978724, "percent_statements_covered_display": "80.9"}, "missing_lines": [130, 131, 141, 142, 153, 158, 170, 174, 177], "excluded_lines": [], "start_line": 44}, "": {"executed_lines": [8, 10, 11, 12, 14, 15, 17, 22, 23, 26, 36, 37, 38, 39, 40, 41, 44, 56, 60, 121, 133, 144, 145, 166, 167], "summary": {"covered_lines": 25, "num_statements": 25, "percent_covered": 100.0, "percent_covered_display": "100.0", "missing_lines": 0, "excluded_lines": 2, "percent_statements_covered": 100.0, "percent_statements_covered_display": "100.0"}, "missing_lines": [], "excluded_lines": [19, 20], "start_line": 1}}}, "engine\\analytics\\valuation\\schemas.py": {"executed_lines": [5, 7, 8, 9, 11, 13, 14, 16, 17, 20, 21, 38, 39, 40, 41, 42, 43, 44, 45, 46, 47, 48, 49, 52, 53, 67, 68, 69, 70, 71, 72, 73, 74, 75, 78, 79, 81, 82, 83, 84, 85, 86], "summary": {"covered_lines": 42, "num_statements": 42, "percent_covered": 100.0, "percent_covered_display": "100.0", "missing_lines": 0, "excluded_lines": 0, "percent_statements_covered": 100.0, "percent_statements_covered_display": "100.0"}, "missing_lines": [], "excluded_lines": [], "functions": {"": {"executed_lines": [5, 7, 8, 9, 11, 13, 14, 16, 17, 20, 21, 38, 39, 40, 41, 42, 43, 44, 45, 46, 47, 48, 49, 52, 53, 67, 68, 69, 70, 71, 72, 73, 74, 75, 78, 79, 81, 82, 83, 84, 85, 86], "summary": {"covered_lines": 42, "num_statements": 42, "percent_covered": 100.0, "percent_covered_display": "100.0", "missing_lines": 0, "excluded_lines": 0, "percent_statements_covered": 100.0, "percent_statements_covered_display": "100.0"}, "missing_lines": [], "excluded_lines": [], "start_line": 1}}, "classes": {"PEMetrics": {"executed_lines": [], "summary": {"covered_lines": 0, "num_statements": 0, "percent_covered": 100.0, "percent_covered_display": "100.0", "missing_lines": 0, "excluded_lines": 0, "percent_statements_covered": 100.0, "percent_statements_covered_display": "100.0"}, "missing_lines": [], "excluded_lines": [], "start_line": 21}, "ValuationSignalResult": {"executed_lines": [], "summary": {"covered_lines": 0, "num_statements": 0, "percent_covered": 100.0, "percent_covered_display": "100.0", "missing_lines": 0, "excluded_lines": 0, "percent_statements_covered": 100.0, "percent_statements_covered_display": "100.0"}, "missing_lines": [], "excluded_lines": [], "start_line": 53}, "ShillerCAPEPoint": {"executed_lines": [], "summary": {"covered_lines": 0, "num_statements": 0, "percent_covered": 100.0, "percent_covered_display": "100.0", "missing_lines": 0, "excluded_lines": 0, "percent_statements_covered": 100.0, "percent_statements_covered_display": "100.0"}, "missing_lines": [], "excluded_lines": [], "start_line": 79}, "": {"executed_lines": [5, 7, 8, 9, 11, 13, 14, 16, 17, 20, 21, 38, 39, 40, 41, 42, 43, 44, 45, 46, 47, 48, 49, 52, 53, 67, 68, 69, 70, 71, 72, 73, 74, 75, 78, 79, 81, 82, 83, 84, 85, 86], "summary": {"covered_lines": 42, "num_statements": 42, "percent_covered": 100.0, "percent_covered_display": "100.0", "missing_lines": 0, "excluded_lines": 0, "percent_statements_covered": 100.0, "percent_statements_covered_display": "100.0"}, "missing_lines": [], "excluded_lines": [], "start_line": 1}}}, "engine\\analytics\\valuation\\shiller_cape_fetcher.py": {"executed_lines": [12, 14, 15, 16, 17, 19, 20, 22, 27, 28, 31, 34, 40, 43, 51, 56, 57, 59, 68, 69, 70, 71, 72, 73, 76, 77, 79, 80, 81, 83, 84, 137, 138, 143, 144, 145, 147, 148, 150, 151, 152, 153, 154, 155, 157, 158, 202, 204, 205, 206, 207, 208, 210, 211, 232, 235, 237, 239, 240, 244, 248, 250, 251, 252, 253, 254, 267, 269, 275, 276, 282, 283, 285], "summary": {"covered_lines": 73, "num_statements": 128, "percent_covered": 57.03125, "percent_covered_display": "57.0", "missing_lines": 55, "excluded_lines": 2, "percent_statements_covered": 57.03125, "percent_statements_covered_display": "57.0"}, "missing_lines": [86, 87, 88, 89, 91, 93, 97, 100, 101, 102, 103, 105, 107, 108, 109, 110, 111, 112, 113, 114, 115, 116, 117, 119, 120, 121, 122, 124, 135, 161, 162, 163, 166, 167, 168, 170, 173, 176, 178, 179, 180, 182, 183, 184, 185, 186, 187, 188, 189, 200, 209, 233, 234, 245, 246], "excluded_lines": [24, 25], "functions": {"ShillerCAPEFetcher.__init__": {"executed_lines": [56, 57], "summary": {"covered_lines": 2, "num_statements": 2, "percent_covered": 100.0, "percent_covered_display": "100.0", "missing_lines": 0, "excluded_lines": 0, "percent_statements_covered": 100.0, "percent_statements_covered_display": "100.0"}, "missing_lines": [], "excluded_lines": [], "start_line": 51}, "ShillerCAPEFetcher.fetch_and_persist": {"executed_lines": [68, 69, 70, 71, 72, 73, 76, 77, 79, 80, 81], "summary": {"covered_lines": 11, "num_statements": 11, "percent_covered": 100.0, "percent_covered_display": "100.0", "missing_lines": 0, "excluded_lines": 0, "percent_statements_covered": 100.0, "percent_statements_covered_display": "100.0"}, "missing_lines": [], "excluded_lines": [], "start_line": 59}, "ShillerCAPEFetcher._fetch_shiller_xls": {"executed_lines": [], "summary": {"covered_lines": 0, "num_statements": 29, "percent_covered": 0.0, "percent_covered_display": "0.0", "missing_lines": 29, "excluded_lines": 0, "percent_statements_covered": 0.0, "percent_statements_covered_display": "0.0"}, "missing_lines": [86, 87, 88, 89, 91, 93, 97, 100, 101, 102, 103, 105, 107, 108, 109, 110, 111, 112, 113, 114, 115, 116, 117, 119, 120, 121, 122, 124, 135], "excluded_lines": [], "start_line": 84}, "ShillerCAPEFetcher._fetch_from_fred": {"executed_lines": [143, 144, 145, 147, 148, 150, 151, 152, 153, 154, 155, 157, 158], "summary": {"covered_lines": 13, "num_statements": 34, "percent_covered": 38.23529411764706, "percent_covered_display": "38.2", "missing_lines": 21, "excluded_lines": 0, "percent_statements_covered": 38.23529411764706, "percent_statements_covered_display": "38.2"}, "missing_lines": [161, 162, 163, 166, 167, 168, 170, 173, 176, 178, 179, 180, 182, 183, 184, 185, 186, 187, 188, 189, 200], "excluded_lines": [], "start_line": 138}, "ShillerCAPEFetcher._persist": {"executed_lines": [204, 205, 206, 207, 208, 210, 211, 232, 235], "summary": {"covered_lines": 9, "num_statements": 12, "percent_covered": 75.0, "percent_covered_display": "75.0", "missing_lines": 3, "excluded_lines": 0, "percent_statements_covered": 75.0, "percent_statements_covered_display": "75.0"}, "missing_lines": [209, 233, 234], "excluded_lines": [], "start_line": 202}, "ShillerCAPEFetcher.get_latest_cape": {"executed_lines": [239, 240, 244], "summary": {"covered_lines": 3, "num_statements": 5, "percent_covered": 60.0, "percent_covered_display": "60.0", "missing_lines": 2, "excluded_lines": 0, "percent_statements_covered": 60.0, "percent_statements_covered_display": "60.0"}, "missing_lines": [245, 246], "excluded_lines": [], "start_line": 237}, "ShillerCAPEFetcher.get_history": {"executed_lines": [250, 251, 252, 253, 254], "summary": {"covered_lines": 5, "num_statements": 5, "percent_covered": 100.0, "percent_covered_display": "100.0", "missing_lines": 0, "excluded_lines": 0, "percent_statements_covered": 100.0, "percent_statements_covered_display": "100.0"}, "missing_lines": [], "excluded_lines": [], "start_line": 248}, "ShillerCAPEFetcher.get_historical": {"executed_lines": [275, 276, 282, 283, 285], "summary": {"covered_lines": 5, "num_statements": 5, "percent_covered": 100.0, "percent_covered_display": "100.0", "missing_lines": 0, "excluded_lines": 0, "percent_statements_covered": 100.0, "percent_statements_covered_display": "100.0"}, "missing_lines": [], "excluded_lines": [], "start_line": 269}, "": {"executed_lines": [12, 14, 15, 16, 17, 19, 20, 22, 27, 28, 31, 34, 40, 43, 51, 59, 83, 84, 137, 138, 202, 237, 248, 267, 269], "summary": {"covered_lines": 25, "num_statements": 25, "percent_covered": 100.0, "percent_covered_display": "100.0", "missing_lines": 0, "excluded_lines": 2, "percent_statements_covered": 100.0, "percent_statements_covered_display": "100.0"}, "missing_lines": [], "excluded_lines": [24, 25], "start_line": 1}}, "classes": {"ShillerCAPEFetcher": {"executed_lines": [56, 57, 68, 69, 70, 71, 72, 73, 76, 77, 79, 80, 81, 143, 144, 145, 147, 148, 150, 151, 152, 153, 154, 155, 157, 158, 204, 205, 206, 207, 208, 210, 211, 232, 235, 239, 240, 244, 250, 251, 252, 253, 254, 275, 276, 282, 283, 285], "summary": {"covered_lines": 48, "num_statements": 103, "percent_covered": 46.601941747572816, "percent_covered_display": "46.6", "missing_lines": 55, "excluded_lines": 0, "percent_statements_covered": 46.601941747572816, "percent_statements_covered_display": "46.6"}, "missing_lines": [86, 87, 88, 89, 91, 93, 97, 100, 101, 102, 103, 105, 107, 108, 109, 110, 111, 112, 113, 114, 115, 116, 117, 119, 120, 121, 122, 124, 135, 161, 162, 163, 166, 167, 168, 170, 173, 176, 178, 179, 180, 182, 183, 184, 185, 186, 187, 188, 189, 200, 209, 233, 234, 245, 246], "excluded_lines": [], "start_line": 43}, "": {"executed_lines": [12, 14, 15, 16, 17, 19, 20, 22, 27, 28, 31, 34, 40, 43, 51, 59, 83, 84, 137, 138, 202, 237, 248, 267, 269], "summary": {"covered_lines": 25, "num_statements": 25, "percent_covered": 100.0, "percent_covered_display": "100.0", "missing_lines": 0, "excluded_lines": 2, "percent_statements_covered": 100.0, "percent_statements_covered_display": "100.0"}, "missing_lines": [], "excluded_lines": [24, 25], "start_line": 1}}}, "engine\\analytics\\valuation\\valuation_signal_generator.py": {"executed_lines": [11, 13, 14, 15, 17, 19, 20, 21, 26, 27, 29, 32, 42, 43, 44, 45, 47, 57, 58, 59, 61, 62, 63, 64, 65, 68, 69, 70, 73, 74, 75, 77, 89, 90, 92, 100, 101, 106, 107, 108, 109, 111, 113, 114, 136, 137], "summary": {"covered_lines": 46, "num_statements": 48, "percent_covered": 95.83333333333333, "percent_covered_display": "95.8", "missing_lines": 2, "excluded_lines": 2, "percent_statements_covered": 95.83333333333333, "percent_statements_covered_display": "95.8"}, "missing_lines": [146, 147], "excluded_lines": [23, 24], "functions": {"ValuationSignalGenerator.__init__": {"executed_lines": [43, 44, 45], "summary": {"covered_lines": 3, "num_statements": 3, "percent_covered": 100.0, "percent_covered_display": "100.0", "missing_lines": 0, "excluded_lines": 0, "percent_statements_covered": 100.0, "percent_statements_covered_display": "100.0"}, "missing_lines": [], "excluded_lines": [], "start_line": 42}, "ValuationSignalGenerator.compute": {"executed_lines": [57, 58, 59, 61, 62, 63, 64, 65, 68, 69, 70, 73, 74, 75, 77, 89, 90], "summary": {"covered_lines": 17, "num_statements": 17, "percent_covered": 100.0, "percent_covered_display": "100.0", "missing_lines": 0, "excluded_lines": 0, "percent_statements_covered": 100.0, "percent_statements_covered_display": "100.0"}, "missing_lines": [], "excluded_lines": [], "start_line": 47}, "ValuationSignalGenerator.get_latest_signal": {"executed_lines": [100, 101, 106, 107, 108, 109], "summary": {"covered_lines": 6, "num_statements": 6, "percent_covered": 100.0, "percent_covered_display": "100.0", "missing_lines": 0, "excluded_lines": 0, "percent_statements_covered": 100.0, "percent_statements_covered_display": "100.0"}, "missing_lines": [], "excluded_lines": [], "start_line": 92}, "ValuationSignalGenerator._persist": {"executed_lines": [113, 114, 136, 137], "summary": {"covered_lines": 4, "num_statements": 6, "percent_covered": 66.66666666666667, "percent_covered_display": "66.7", "missing_lines": 2, "excluded_lines": 0, "percent_statements_covered": 66.66666666666667, "percent_statements_covered_display": "66.7"}, "missing_lines": [146, 147], "excluded_lines": [], "start_line": 111}, "": {"executed_lines": [11, 13, 14, 15, 17, 19, 20, 21, 26, 27, 29, 32, 42, 47, 92, 111], "summary": {"covered_lines": 16, "num_statements": 16, "percent_covered": 100.0, "percent_covered_display": "100.0", "missing_lines": 0, "excluded_lines": 2, "percent_statements_covered": 100.0, "percent_statements_covered_display": "100.0"}, "missing_lines": [], "excluded_lines": [23, 24], "start_line": 1}}, "classes": {"ValuationSignalGenerator": {"executed_lines": [43, 44, 45, 57, 58, 59, 61, 62, 63, 64, 65, 68, 69, 70, 73, 74, 75, 77, 89, 90, 100, 101, 106, 107, 108, 109, 113, 114, 136, 137], "summary": {"covered_lines": 30, "num_statements": 32, "percent_covered": 93.75, "percent_covered_display": "93.8", "missing_lines": 2, "excluded_lines": 0, "percent_statements_covered": 93.75, "percent_statements_covered_display": "93.8"}, "missing_lines": [146, 147], "excluded_lines": [], "start_line": 32}, "": {"executed_lines": [11, 13, 14, 15, 17, 19, 20, 21, 26, 27, 29, 32, 42, 47, 92, 111], "summary": {"covered_lines": 16, "num_statements": 16, "percent_covered": 100.0, "percent_covered_display": "100.0", "missing_lines": 0, "excluded_lines": 2, "percent_statements_covered": 100.0, "percent_statements_covered_display": "100.0"}, "missing_lines": [], "excluded_lines": [23, 24], "start_line": 1}}}}, "totals": {"covered_lines": 2151, "num_statements": 2569, "percent_covered": 83.72907746204748, "percent_covered_display": "83.7", "missing_lines": 418, "excluded_lines": 42, "percent_statements_covered": 83.72907746204748, "percent_statements_covered_display": "83.7"}}